max_nn=33153
object[S1800000-0] _18_Lightes _18_LIGHTES/ОГНИ // ОГНИ
object[S1800002-1] LitAll LITALL/ОГОНЬ КРУГОВОГО ОСВЕЩЕНИЯ // Огонь кругового освещения
object[S1800003-1] LitSec LITSEC/ОГОНЬ СЕКТОРНЫЙ // Огонь секторный
object[S1800005-1] LitFog LITFOG/ОГОНЬ ДАТЧИКА ТУМАНА // Огонь датчика тумана
object[S1800006-1] LitAir LITAIR/ОГОНЬ АВИАЦИОННОГО ПРЕПЯТСТВИЯ // Огонь авиационного препятствия
object[S1900000-0] _19_BoyBcn _19_BOYBCN/БУИ, ЗНАКИ // БУИ, ЗНАКИ
object[S1900002-1] BOYCAR BOYCAR/БУЙ КАРДИНАЛЬНЫЙ // Буй кардинальный
object[S1900001-1] BOYLAT BOYLAT/БУЙ ЛАТЕРАЛЬНЫЙ // Буй латеральный
object[S1900003-1] BOYISD BOYISD/БУЙ ОТДЕЛЬНОЙ ОПАСНОСТИ // Буй отдельной опасности
object[S1900004-1] BOYSAW BOYSAW/БУЙ ЧИСТОЙ ВОДЫ // Буй чистой воды
object[S1900005-1] BOYSPP BOYSPP/БУЙ СПЕЦИАЛЬНЫЙ ОБЩЕГО ХАРАКТЕРА // Буй специальный общего характера
object[S1900006-1] BoyEmWreck BOYEMWRECK/БУЙ МЕСТА АВАРИЙНОГО КРУШЕНИЯ // Буй места аварийного крушения
object[S1900007-1] BOYINB BOYINB/ПЛАВУЧИЙ НЕФТЯНОЙ ТЕРМИНАЛ // Плавучий нефтяной терминал
object[S1900008-1] BCNLAT BCNLAT/ЗНАК ЛАТЕРАЛЬНЫЙ // Знак латеральный
object[S1900009-1] BCNCAR BCNCAR/ЗНАК КАРДИНАЛЬНЫЙ // Знак кардинальный
object[S1900010-1] BCNISD BCNISD/ЗНАК ОТДЕЛЬНОЙ ОПАСНОСТИ // Знак отдельной опасности
object[S1900011-1] BCNSAW BCNSAW/ЗНАК ЧИСТОЙ ВОДЫ // Знак чистой воды
object[S1900012-1] BCNSPP BCNSPP/ЗНАК СПЕЦИАЛЬНЫЙ ОБЩЕГО ХАРАКТЕРА // Знак специальный общего характера
object[S1900013-1] DAYMAR DAYMAR/ДНЕВНОЙ ОРИЕНТИР, НЕСВЕТЯЩИЙ ЗНАК // Дневной ориентир, несветящий знак
object[S1900015-1] LITFLT LITFLT/ПЛАВУЧИЙ ОГОНЬ // Плавучий огонь
object[S1900016-1] LITVES LITVES/ПЛАВУЧИЙ МАЯК // Плавучий маяк
object[S1900017-1] RETRFL RETRFL/СВЕТООТРАЖАТЕЛЬ // Светоотражатель
object[S1900018-1] RADRFL RADRFL/РАДИОЛОКАЦИОННЫЙ ОТРАЖАТЕЛЬ // Радиолокационный отражатель
object[S1900019-1] FOGSIG FOGSIG/ТУМАННЫЙ СИГНАЛ // Туманный сигнал
object[S0700000-0] _07_LndMrks _07_LNDMRKS/БЕРЕГОВЫЕ ОРИЕНТИРЫ // БЕРЕГОВЫЕ ОРИЕНТИРЫ
object[S0700002-1] LNDMRK LNDMRK/БЕРЕГОВОЙ ОРИЕНТИР // Береговой ориентир
object[S0700003-1] SILTNK SILTNK/СИЛОСНАЯ БАШНЯ/ЦИСТЕРНА  // Силосная башня/цистерна 
object[S0700004-1] FORSTC FORSTC/ФОРТИФИКАЦИОННОЕ СООРУЖЕНИЕ // Фортификационное сооружение
object[S0700005-1] PRDARE PRDARE/РАЙОН ДОБЫЧИ/ХРАНЕНИЯ // Район добычи/хранения
object[S0600000-0] _06_ManMadObjs _06_MANMADOBJS/ИСКУССТВЕННЫЕ ОБЪЕКТЫ // ИСКУССТВЕННЫЕ ОБЪЕКТЫ
object[S0600002-1] BUISGL BUISGL/СТРОЕНИЕ ОТДЕЛЬНОЕ // Строение отдельное
object[S0600001-1] BUAARE BUAARE/РАЙОН ЗАСТРОЙКИ // Район застройки
object[S0600003-1] AIRARE AIRARE/РАЙОН АЭРОПОРТА/АЭРОДРОМА // Район аэропорта/аэродрома
object[S0600004-1] RUNWAY RUNWAY/ВЗЛЕТНО-ПОСАДОЧНАЯ ПОЛОСА // Взлетно-посадочная полоса
object[S0600006-2] FixSpan FIXSPAN/ПРОЛЕТ МОСТА НЕРАЗВОДНОЙ // Пролет моста неразводной
object[S0600007-2] OpeSpan OPESPAN/ПРОЛЕТ МОСТА РАЗВОДНОЙ // Пролет моста разводной
object[S0600008-2] CONVYR CONVYR/КОНВЕЙЕР, ТРАНСПОРТЕР // Конвейер, транспортер
object[S0600009-2] CBLOHD CBLOHD/КАБЕЛЬ НАВЕСНОЙ // Кабель навесной
object[S0600010-2] PIPOHD PIPOHD/ПЕРЕКИДКА ТРУБОПРОВОДА // Перекидка трубопровода
object[S0600011-1] PYLONS PYLONS/ПИЛОН/ОПОРА МОСТА // Пилон/опора моста
object[S0600012-2] FNCLNE FNCLNE/ОГРАДА/СТЕНА // Ограда/стена
object[S0600013-2] RAILWY RAILWY/ЖЕЛЕЗНАЯ ДОРОГА // Железная дорога
object[S0600014-2] ROADWY ROADWY/ДОРОГА // Дорога
object[S0600015-2] TUNNEL TUNNEL/ТУННЕЛЬ // Туннель
object[S0500000-0] _05_NaturObjs _05_NATUROBJS/ЕСТЕСТВЕННЫЕ ОБЪЕКТЫ // ЕСТЕСТВЕННЫЕ ОБЪЕКТЫ
object[S0500003-2] COALNE COALNE/БЕРЕГОВАЯ ЛИНИЯ // Береговая линия
object[S0500004-1] LNDARE LNDARE/ОБЛАСТЬ СУШИ // Область суши
object[S0500006-1] LNDELV LNDELV/ОТМЕТКА ВЫСОТЫ // Отметка высоты
object[S0500007-2] RIVERS RIVERS/РЕКА // Река
object[S0500008-2] RAPIDS RAPIDS/ПОРОГИ // Пороги
object[S0500009-1] WATFAL WATFAL/ВОДОПАД // Водопад
object[S0500010-3] LAKARE LAKARE/ПОВЕРХНОСТНЫЙ ВОДОЕМ // Поверхностный водоем
object[S0500011-1] LNDRGN LNDRGN/УЧАСТОК МЕСТНОСТИ // Участок местности
object[S0500012-1] VEGATN VEGATN/РАСТИТЕЛЬНОСТЬ // Растительность
object[S0500013-3] ICEARE ICEARE/РАЙОН, ПОКРЫТЫЙ ЛЬДОМ // Район, покрытый льдом
object[S0500014-1] SLOGRD SLOGRD/ПОВЕРХНОСТЬ СКЛОНА // Поверхность склона
object[S0500015-2] SLOTOP SLOTOP/ВЕРХНЯЯ КРОМКА СКЛОНА // Верхняя кромка склона
object[S0500016-2] TIDEWY TIDEWY/ПРИЛИВНАЯ ПРОТОКА // Приливная протока
object[S0800000-0] _08_PortObj _08_PORTOBJ/ПОРТОВЫЕ ОБЪЕКТЫ // ПОРТОВЫЕ ОБЪЕКТЫ
object[S0800002-1] CHKPNT CHKPNT/КОНТРОЛЬНО-ПРОПУСКНОЙ ПУНКТ // Контрольно-пропускной пункт
object[S0800003-1] HULKES HULKES/БЛОКШИВ // Блокшив
object[S0800004-1] PILPNT PILPNT/СВАЯ // Свая
object[S0800005-2] DYKCON DYKCON/ДАМБА // Дамба
object[S0800006-1] SLCONS SLCONS/БЕРЕГОВОЕ СООРУЖЕНИЕ // Береговое сооружение
object[S0800007-2] CAUSWY CAUSWY/ДОРОГА ПО ДАМБЕ // Дорога по дамбе
object[S0800008-2] CANALS CANALS/КАНАЛ // Канал
object[S0800009-1] DISMAR DISMAR/ДИСТАНЦИОННАЯ ОТМЕТКА // Дистанционная отметка
object[S0800010-1] GATCON GATCON/ВОРОТА // Ворота
object[S0800011-2] DAMCON DAMCON/ПЛОТИНА, ЗАЩИТНЫЙ БАРЬЕР // Плотина, защитный барьер
object[S0800012-1] CRANES CRANES/КРАН // Кран
object[S0800013-1] BERTHS BERTHS/ПРИЧАЛ // Причал
object[S0800014-1] MORFAC MORFAC/ШВАРТОВНО-ВЕРПОВАЛЬНОЕ ОБОРУДОВАНИЕ // Швартовно-верповальное оборудование
object[S0800015-3] DRYDOC DRYDOC/СУХОЙ ДОК // Сухой док
object[S0800016-1] FLODOC FLODOC/ПЛАВУЧИЙ ДОК // Плавучий док
object[S0800017-1] PONTON PONTON/ПОНТОН // Понтон
object[S0800018-3] DOCARE DOCARE/РАЙОН ДОКА // Район дока
object[S0800019-3] GRIDRN GRIDRN/ДОКОВАЯ КЛЕТКА // Доковая клетка
object[S0800020-3] LOKBSN LOKBSN/БАССЕЙН ШЛЮЗА // Бассейн шлюза
object[S0200000-0] _20_RadRto _20_RADRTO/РАДАРЫ, РАДИО // РАДАРЫ, РАДИО
object[S0200004-1] RDOSTA RDOSTA/РАДИОНАВИГАЦИОННАЯ СТАНЦИЯ // Радионавигационная станция
object[S1600000-0] _16_AreBou _16_AREBOU/РАЙОНЫ И ГРАНИЦЫ // РАЙОНЫ И ГРАНИЦЫ
object[S1600003-1] ACHARE ACHARE/РАЙОН ЯКОРНОЙ СТОЯНКИ // Район якорной стоянки
object[S1600004-1] ACHBRT ACHBRT/ЯКОРНОЕ МЕСТО // Якорное место
object[S1600005-1] SPLARE SPLARE/ГИДРОАЭРОДРОМ // Гидроаэродром
object[S1600006-1] DMPGRD DMPGRD/РАЙОН СВАЛКИ // Район свалки
object[S1600007-1] MIPARE MIPARE/РАЙОН БОЕВОЙ ПОДГОТОВКИ // Район боевой подготовки
object[S1600008-3] ADMARE ADMARE/РАЙОН АДМИНИСТРАТИВНЫЙ (ПОИМЕНОВАННЫЙ) // Район административный (поименованный)
object[S1600009-1] CTSARE CTSARE/РАЙОН ПЕРЕВАЛКИ ГРУЗОВ // Район перевалки грузов
object[S1600010-1] CTNARE CTNARE/РАЙОН ДЕЙСТВИЯ ПРЕДУПРЕЖДЕНИЯ  // Район действия предупреждения 
object[S1600011-1] InformArea INFORMAREA/ОБЛАСТЬ НАЛИЧИЯ ИНФОРМАЦИИ // Область наличия информации
object[S1600012-1] CONZNE CONZNE/ПРИЛЕЖАЩАЯ ЗОНА // Прилежащая зона
object[S1600013-3] COSARE COSARE/ОБЛАСТЬ КОНТИНЕНТАЛЬНОГО ШЕЛЬФА // Область континентального шельфа
object[S1600014-3] CUSZNE CUSZNE/ТАМОЖЕННАЯ ЗОНА // Таможенная зона
object[S1600015-3] EXEZNE EXEZNE/ИСКЛЮЧИТЕЛЬНАЯ ЭКОНОМИЧЕСКАЯ ЗОНА // Исключительная экономическая зона
object[S1600016-3] FSHZNE FSHZNE/РЫБОЛОВНАЯ ЗОНА // Рыболовная зона
object[S1500000-0] _15_RecTracks _15_RECTRACKS/РЕКОМЕНДОВАННЫЕ ПУТИ // РЕКОМЕНДОВАННЫЕ ПУТИ
object[S1500008-2] RCRTCL RCRTCL/ОСЕВАЯ ЛИНИЯ РЕКОМЕНДОВАННОГО ПУТИ // Осевая линия рекомендованного пути
object[S1500009-3] TWRTPT TWRTPT/УЧАСТОК ДВУХСТОРОННЕГО ПУТИ // Участок двухстороннего пути
object[S1500011-1] RCTLPT RCTLPT/РЕКОМЕНДОВАННОЕ НАПРАВЛЕНИЕ ДВИЖЕНИЯ СУДОВ // Рекомендованное направление движения судов
object[S1500005-2] RECTRC RECTRC/РЕКОМЕНДОВАННЫЙ ПУТЬ // Рекомендованный путь
object[S1600017-3] FSHGRD FSHGRD/РАЙОН ЛОВА РЫБЫ // Район лова рыбы
object[S1600018-3] FRPARE FRPARE/СВОБОДНАЯ ГАВАНЬ // Свободная гавань
object[S1600019-3] HRBARE HRBARE/РАЙОН ГАВАНИ (АДМИНИСТРАТИВНЫЙ) // Район гавани (административный)
object[S1600021-1] LOGPON LOGPON/ЗАПАНЬ // Запань
object[S1600022-2] OILBAR OILBAR/НЕФТЯНОЙ БАРЬЕР // Нефтяной барьер
object[S1600023-2] STSLNE STSLNE/ПРЯМАЯ ИСХОДНАЯ ЛИНИЯ // Прямая исходная линия
object[S1600024-3] TESARE TESARE/ТЕРРИТОРИАЛЬНОЕ МОРЕ // Территориальное море
object[S1600025-3] SUBTLN SUBTLN/ПУТЬ СЛЕДОВАНИЯ ПОДВОДНЫХ ЛОДОК // Путь следования подводных лодок
object[S1700001-3] RESARE RESARE/РАЙОН ОГРАНИЧЕННОГО ПЛАВАНИЯ // Район ограниченного плавания
object[S1600027-3] PilotDist PILOTDIST/РАЙОН ЛОЦМАНСКОЙ ПРОВОДКИ // Район лоцманской проводки
object[S1600028-2] ReguLine REGULINE/ЛИНИЯ РАЗГРАНИЧЕНИЯ НАВИГАЦИОНЫХ ПРАВИЛ // Линия разграничения навигационых правил
object[S1500004-2] NAVLNE NAVLNE/ЛИНИЯ СТВОРА // Линия створа
object[S1500007-3] FAIRWY FAIRWY/ФАРВАТЕР // Фарватер
object[S1500012-2] DWRTCL DWRTCL/ОСЕВАЯ ЛИНИЯ ГЛУБОКОВОДНОГО ПУТИ // Осевая линия глубоководного пути
object[S1500013-3] DWRTPT DWRTPT/УЧАСТОК ГЛУБОКОВОДНОГО ПУТИ // Участок глубоководного пути
object[S1500015-3] ISTZNE ISTZNE/ЗОНА ПРИБРЕЖНОГО ПЛАВАНИЯ // Зона прибрежного плавания
object[S1500016-1] PRCARE PRCARE/РАЙОН ПОВЫШЕННОЙ ОСТОРОЖНОСТИ ПЛАВАНИЯ  // Район повышенной осторожности плавания 
object[S1500017-3] TSSLPT TSSLPT/ЧАСТЬ ПОЛОСЫ СИСТЕМЫ РАЗДЕЛЕНИЯ ДВИЖЕНИЯ // Часть полосы системы разделения движения
object[S1500018-2] TSEZNL TSEZNL/ЗОНА-ЛИНИЯ РАЗДЕЛЕНИЯ ДВИЖЕНИЯ // Зона-линия разделения движения
object[S1500019-2] TSSBND TSSBND/ГРАНИЦА СИСТЕМЫ РАЗДЕЛЕНИЯ ДВИЖЕНИЯ // Граница системы разделения движения
object[S1500021-3] TSSCRS TSSCRS/ПЕРЕСЕЧЕНИЕ ПУТЕЙ В СИСТЕМЕ РАЗДЕЛЕНИЯ ДВИЖЕНИЯ // Пересечение путей в системе разделения движения
object[S1500022-3] TSSRON TSSRON/РАЙОН КРУГОВОГО ДВИЖЕНИЯ В СИСТЕМЕ РАЗДЕЛЕНИЯ ДВИЖЕНИЯ // Район кругового движения в системе разделения движения
object[S1500024-3] ARCSLN ARCSLN/МОРСКОЙ КОРИДОР В АРХИПЕЛАЖНЫХ ВОДАХ // Морской коридор в архипелажных водах
object[S1500025-2] ASLXIS ASLXIS/ОСЕВАЯ ЛИНИЯ МОРСКОГО КОРИДОРА В АРХИПЕЛАЖНЫХ ВОДАХ // Осевая линия морского коридора в архипелажных водах
object[S1500027-1] RDOCAL RDOCAL/КОНТРОЛЬНАЯ ТОЧКА ПЕРЕДАЧИ ДОНЕСЕНИЙ // Контрольная точка передачи донесений
object[S1500028-2] FERYRT FERYRT/ПАРОМНАЯ ПЕРЕПРАВА // Паромная переправа
object[S1500029-2] RADLNE RADLNE/ПУТЬ С РАДИОЛОКАЦИОННОЙ ПРОВОДКОЙ // Путь с радиолокационной проводкой
object[S1500030-3] RADRNG RADRNG/ЗОНА РАДИОЛОКАЦИОННОГО НАБЛЮДЕНИЯ  // Зона радиолокационного наблюдения 
object[S1500031-1] RADSTA RADSTA/РАДИОЛОКАЦИОННАЯ СТАНЦИЯ // Радиолокационная станция
object[S2100000-0] _21_Services _21_SERVICES/СЛУЖБЫ // СЛУЖБЫ
object[S2100001-1] PILBOP PILBOP/МЕСТО ВСТРЕЧИ ЛОЦМАНА // Место встречи лоцмана
object[S2100002-3] VesTrafServ VESTRAFSERV/РАЙОН ОБСЛУЖИВАНИЯ ПРОХОЖДЕНИЯ СУДОВ // Район обслуживания прохождения судов
object[S2100003-1] CGUSTA CGUSTA/ПОСТ БЕРЕГОВОЙ ОХРАНЫ // Пост береговой охраны
object[S2100004-1] SISTAW SISTAW/СТАНЦИЯ СИГНАЛОВ ПРЕДУПРЕЖДЕНИЯ // Станция сигналов предупреждения
object[S0500005-3] IslandGroup ISLANDGROUP/ГРУППА ОСТРОВОВ // Группа островов
object[S0600005-2] BRIDGE BRIDGE/МОСТ // Мост
object[S1500023-0] TrafSepScheme изменен // Система разделения движения
object[S1500014-0] DeeWatRou изменен // Глубоководный путь
object[S1500010-0] TwoWayRou изменен // Двухсторонний путь
object[S2100005-1] SISTAT SISTAT/СИГНАЛЬНАЯ СТАНЦИЯ РЕГУЛИРОВАНИЯ ДВИЖЕНИЯ // Сигнальная станция регулирования движения
object[S2100006-1] RSCSTA RSCSTA/СПАСАТЕЛЬНАЯ СТАНЦИЯ // Спасательная станция
object[S2100007-1] HRBFAC HRBFAC/ПОРТОВОЕ ОБОРУДОВАНИЕ // Портовое оборудование
object[S2100008-1] SMCFAC SMCFAC/СРЕДСТВА ОБСЛУЖИВАНИЯ МАЛЫХ СУДОВ // Средства обслуживания малых судов
object[S1300000-0] _13_Hazards _13_HAZARDS/ОПАСНОСТИ // ОПАСНОСТИ
object[S1300004-1] UWTROC UWTROC/ПОДВОДНАЯ/ОСЫХАЮЩАЯ СКАЛА // Подводная/осыхающая скала
object[S1300005-1] WRECKS WRECKS/ЗАТОНУВШЕЕ СУДНО // Затонувшее судно
object[S1300006-1] OBSTRN OBSTRN/ОПАСНОСТЬ // Опасность
object[S1300007-1] FoulGround FOULGROUND/НЕЧИСТЫЙ ГРУНТ // Нечистый грунт
object[S1300008-1] DisColWat DISCOLWAT/ВОДНАЯ ПОВЕРХНОСТЬ НЕОБЫЧНОГО ЦВЕТА // Водная поверхность необычного цвета
object[S1300009-1] FSHFAC FSHFAC/РЫБОЛОВНЫЕ СНАСТИ // Рыболовные снасти
object[S1300010-1] MARCUL MARCUL/МОРСКАЯ ФЕРМА/КУЛЬТУРА // Морская ферма/культура
object[S1100000-0] _11_SouInf _11_SOUINF/ИНФОРМАЦИЯ О ГЛУБИНАХ // ИНФОРМАЦИЯ О ГЛУБИНАХ
object[S1100003-1] SOUNDG SOUNDG/ГЛУБИНА // Глубина
object[S1100004-3] DRGARE DRGARE/УГЛУБЛЕННЫЙ РАЙОН // Углубленный район
object[S1100005-3] SWPARE SWPARE/ПРОТРАЛЕННЫЙ РАЙОН // Протраленный район
object[S1100006-2] DEPCNT DEPCNT/ИЗОБАТА // Изобата
object[S1100007-3] DEPARE DEPARE/ОБЛАСТЬ ГЛУБИН // Область глубин
object[S1500003-0] RangeSystem изменен // Система створа
object[S1100008-1] DepNoFound DEPNOFOUND/ТОЧКА НЕОПРЕДЕЛЕННОЙ ГЛУБИНЫ // Точка неопределенной глубины
object[S1100010-3] UNSARE UNSARE/НЕОБСЛЕДОВАННЫЙ РАЙОН // Необследованный район
object[S1200000-0] _12_SeaBed _12_SEABED/МОРСКОЕ ДНО // МОРСКОЕ ДНО
object[S1200001-1] SBDARE SBDARE/УЧАСТОК МОРСКОГО ДНА // Участок морского дна
object[S1200002-1] WEDKLP WEDKLP/ВОДОРОСЛИ // Водоросли
object[S1200003-1] SNDWAV SNDWAV/БАР ПОДВОДНЫЙ // Бар подводный
object[S1200004-1] SPRING SPRING/ИСТОЧНИК // Источник
object[S0100000-0] _10_TideCurr _10_TIDECURR/ПРИЛИВЫ, ТЕЧЕНИЯ // ПРИЛИВЫ, ТЕЧЕНИЯ
object[S0100002-1] TS_FEB TS_FEB/ПРИЛИВНОЕ ТЕЧЕНИЕ (ПРИЛИВ/ОТЛИВ) // Приливное течение (прилив/отлив)
object[S0100003-1] CURENT CURENT/ТЕЧЕНИЕ - НЕ ГРАВИТАЦИОННОЕ // Течение - не гравитационное
object[S0100004-1] WATTUR WATTUR/ОБЛАСТЬ ТУРБУЛЕНТНОСТИ ВОДЫ // Область турбулентности воды
object[S0100005-1] TS_PAD TS_PAD/ПРИЛИВНОЕ ТЕЧЕНИЕ - ТАБЛИЧНЫЕ ДАННЫЕ // Приливное течение - табличные данные
object[S0900000-0] _09_Topo _09_TOPO/ТОПОГРАФИЧЕСКИЕ ПОНЯТИЯ // ТОПОГРАФИЧЕСКИЕ ПОНЯТИЯ
object[S0900001-1] SEAARE SEAARE/РАЙОН МОРЯ/ПОИМЕНОВАННАЯ ЧАСТЬ ВОДНОГО ПРОСТРАНСТВА // Район моря/поименованная часть водного пространства
object[S0400000-0] _04_MagInf _04_MAGINF/ИНФОРМАЦИЯ О МАГНИТНОМ ПОЛЕ // ИНФОРМАЦИЯ О МАГНИТНОМ ПОЛЕ
object[S0400001-1] MAGVAR MAGVAR/МАГНИТНОЕ СКЛОНЕНИЕ // Магнитное склонение
object[S0400002-1] LOCMAG LOCMAG/МЕСТНАЯ МАГНИТНАЯ АНОМАЛИЯ // Местная магнитная аномалия
object[S1400000-0] _14_MarinConst _14_MARINCONST/МОРСКИЕ КОНСТРУКЦИИ // МОРСКИЕ КОНСТРУКЦИИ
object[S1400001-1] OFSPLF OFSPLF/МОРСКАЯ ПЛАТФОРМА // Морская платформа
object[S1400003-2] CBLSUB CBLSUB/КАБЕЛЬ ПОДВОДНЫЙ // Кабель подводный
object[S1400004-3] CBLARE CBLARE/РАЙОН ПОДВОДНЫХ КАБЕЛЕЙ // Район подводных кабелей
object[S1400005-2] PIPSOL PIPSOL/ТРУБОПРОВОД ПОДВОДНЫЙ/НАЗЕМНЫЙ // Трубопровод подводный/наземный
object[S1400006-1] PIPARE PIPARE/РАЙОН ПОДВОДНЫХ ТРУБОПРОВОДОВ // Район подводных трубопроводов
object[S1400007-3] OSPARE OSPARE/РАЙОН МОРСКОЙ ДОБЫЧИ // Район морской добычи
object[S0200005-1] RTPBCN RTPBCN/РАДИОЛОКАЦИОННЫЙ МАЯК-ОТВЕТЧИК // Радиолокационный маяк-ответчик
object[S2200000-1] CTRPNT CTRPNT/ОПОРНЫЙ ПУНКТ, ТОЧКА // Опорный пункт, точка
object[S0000000-0] GeObjs GEOBJS/ГЕООБЪЕКТЫ // Геообъекты
object[S0200002-1] PhysAIS PHYSAIS/ФИЗИЧЕСКАЯ AIS // Физическая AIS
object[S0200003-1] VirtAIS VIRTAIS/ВИРТУАЛЬНАЯ AIS // Виртуальная AIS
object[S1500026-0] ArSeLan изменен // Проход в архипелажных водах
object[X9100000-0] AidNav изменен // СНО
object[X9400000-0] GeoRegs GEOREGS/ГЕОГРАФИЧЕСКИЕ РЕГИОНЫ И РАЙОНЫ ПЛАВАНИЯ // Географические регионы и районы плавания
object[X9410000-0] LitSigRegs LITSIGREGS/РЕГИОНЫ КНИГ ОГНЕЙ И ЗНАКОВ // Регионы книг Огней и знаков
object[X9200000-1] MarMap MARMAP/МОРСКАЯ КАРТА // Морская карта
object[X9300000-3] ENC ENC/ЭНК // ЭНК
object[X9411000-3] LitSigColReg LITSIGCOLREG/КОЛОНТИТУЛЬНЫЙ РАЙОН КНИГИ ОИЗ // Колонтитульный район книги ОиЗ
object[X9413000-3] LitSigUndReg LITSIGUNDREG/ПОДРАЙОН КНИГИ ОИЗ // Подрайон книги ОиЗ
object[X9414000-3] LitSigSubReg LITSIGSUBREG/СУБПОДРАЙОН КНИГИ ОИЗ // Субподрайон книги ОиЗ
object[X9422000-3] PartPilotReg PARTPILOTREG/РАЙОН ГЛАВЫ ЛОЦИИ // Район главы Лоции
object[X9420000-0] PilotRegs PILOTREGS/РЕГИОНЫ ЛОЦИЙ // Регионы лоций
object[X9000000-0] TechGeo TECHGEO/ТЕХНОЛОГИЧЕСКИЕ ГЕООБЪЕКТЫ // Технологические геообъекты
object[S0300000-0] _03_Meta _03_META/МЕТАОБЪЕКТЫ // МЕТАОБЪЕКТЫ
object[S0300003-3] M_ACCY M_ACCY/КАЧЕСТВО НЕБАТИМЕТРИЧЕСКИХ ДАННЫХ // Качество небатиметрических данных
object[S0300004-3] M_COVR M_COVR/РАЙОН ПОКРЫТИЯ // Район покрытия
object[S0300005-3] M_NSYS1 M_NSYS1/СИСТЕМА НАВИГАЦИОННЫХ ЗНАКОВ // Система навигационных знаков
object[S0300006-3] M_NSYS2 M_NSYS2/ЛОКАЛЬНОЕ НАПРАВЛЕНИЕ СИСТЕМЫ НАВИГАЦИОННЫХ ЗНАКОВ // Локальное направление системы навигационных знаков
object[S0300007-3] M_QUAL M_QUAL/КАЧЕСТВО БАТИМЕТРИЧЕСКИХ ДАННЫХ // Качество батиметрических данных
object[S0300008-3] M_SDAT M_SDAT/НУЛЬ ГЛУБИН // Нуль глубин
object[S0300010-3] M_SREL M_SREL/КАЧЕСТВО ОБСЛЕДОВАНИЙ // Качество обследований
object[S0300009-3] M_VDAT M_VDAT/НУЛЬ ВЫСОТ ДАННЫХ // Нуль высот данных
object[X9450000-3] BookReg BOOKREG/РЕГИОН КНИГИ // Регион книги
object[X9412000-3] LitSigReg LITSIGREG/РАЙОН КНИГИ ОИЗ // Район книги ОиЗ
object[X9860000-2] RadNavBase RADNAVBASE/БАЗА // База
object[X9700000-0] CoorObjs COOROBJS/КООРДИНИРОВАННЫЕ ОБЪЕКТЫ // Координированные объекты
object[X9720000-1] CoorPoint COORPOINT/КООРДИНИРОВАННАЯ ТОЧКА // Координированная точка
object[X9710000-0] PointSet изменен // Набор координированных точек
object[X9730000-2] PtsSeg PTSSEG/СЕГМЕНТ МЕЖДУ ТОЧКАМИ // Сегмент между точками
object[X9423000-3] SubPartPilotReg SUBPARTPILOTREG/РАЙОН ПОДГЛАВЫ ЛОЦИИ // Район подглавы Лоции
object[X9424000-3] PilotReg PILOTREG/РАЙОН ЛОЦИИ // Район Лоции
object[S0700006-1] WindTurb WINDTURB/ВЕТРОВОЙ ГЕНЕРАТОР // Ветровой генератор
object[X9440000-3] RegRuNM REGRUNM/РЕГИОН РОССИЙСКОГО ИМ // Регион российского ИМ
object[X9460000-0] NWRegs NWREGS/РЕГИОНЫ НП // Регионы НП
object[X9800000-0] RadNavObjs RADNAVOBJS/ОБЪЕКТЫ РТСНО // Объекты РТСНО
object[X9470000-3] DatumReg DATUMREG/РЕГИОН ДЕЙСТВИЯ ЛОКАЛЬНОГО ДАТУМА // Регион действия локального датума
object[X9880000-1] ResRad RESRAD/РЕЗЕРВНОЕ РТСНО // Резервное РТСНО
object[X9610000-1] CorInfObj CORINFOBJ/КОРРЕКТУРНАЯ ИНФОРМАЦИЯ ГЕООБЪЕКТА // Корректурная информация геообъекта
object[X9740000-2] CoorLine COORLINE/КООРДИНИРОВАННАЯ ЛИНИЯ // Координированная линия
object[X9120000-1] ForiAidNav FORIAIDNAV/СНО ИЗ ИНОСТРАННОГО ИЗДАНИЯ // СНО из иностранного издания
object[X9210000-3] MapInsert MAPINSERT/ВКЛЕЙКА В КАРТУ // Вклейка в карту
object[T1000000-0] MetaDataObj METADATAOBJ/ВСПОМОГАТЕЛЬНЫЙ ОБЪЕКТ ДЛЯ МЕТАДАННЫХ // Вспомогательный объект для метаданных
object[X9850000-0] RadNavSys изменен // РТСНО (ККС) в СНС
object[X9830000-0] RadNavSt изменен // РТСНО в наземных РНС
object[X9810000-0] RadLoc изменен // РТСНО РЛМк
object[X9820000-0] RadNav изменен // РТСНО РМк, АРМк, РПС, Р(тр)
object[X9840000-0] RadNavChain изменен // Цепь РНС
object[X9500000-0] NavWar NAVWAR/КООРДИНИРОВАННЫЕ ОБЪЕКТЫ НП // Координированные объекты НП
object[X9510000-1] Navarea NAVAREA/ОБЪЕКТ НАВАРЕА // Объект НАВАРЕА
object[X9520000-1] Navip NAVIP/ОБЪЕКТ НАВИП // Объект НАВИП
object[X9530000-1] Prip PRIP/ОБЪЕКТ ПРИП // Объект ПРИП
object[X9462000-3] NavSubReg NAVSUBREG/ПОДРАЙОН НАВАРЕА И НАВИП // Подрайон НАВАРЕА и НАВИП
object[X9461000-3] NavReg NAVREG/РАЙОН НАВАРЕА И НАВИП // Район НАВАРЕА и НАВИП
object[X9463000-3] PripReg PRIPREG/РЕГИОН ПРИП // Регион ПРИП
object[X9870000-1] RadRec RADREC/ПРИЕМНИК // Приемник
object[X9430000-0] RTARegs RTAREGS/РЕГИОНЫ КНИГ РТСНО // Регионы книг РТСНО
object[X9431000-0] RTAColReg изменен // Колонтитульный район РТСНО
object[X9432000-0] RTAReg изменен // Район РТСНО
object[X9920000-0] CompPath изменен // Рекомендованный путь составной
object[X9480000-3] RegProNM REGPRONM/РЕГИОН ОБРАБОТКИ ИМ // Регион обработки ИМ
object[X0000000-0] I_SysObjs I_SYSOBJS/ТЕХНОЛОГИЧЕСКИЕ ОБЪЕКТЫ // Технологические объекты
object[X6111000-0] I_Pilot I_PILOT/РУКОВОДСТВО ЛОЦИЯ // Руководство Лоция
object[X6112000-0] I_LitSig I_LITSIG/РУКОВОДСТВО ОИЗ // Руководство ОиЗ
object[X6113000-0] I_RadAID I_RADAID/РУКОВОДСТВО РТСНО // Руководство РТСНО
object[X6110000-0] I_GuiMar I_GUIMAR/РУКОВОДСТВА ДЛЯ ПЛАВАНИЯ // Руководства для плавания
object[X6130000-0] I_GidroMan I_GIDROMAN/МОРСКИЕ ГИДРОМЕТЕОРОЛОГИЧЕСКИЕ ПОСОБИЯ // Морские гидрометеорологические пособия
object[X4000000-0] I_ObjNotiMar I_OBJNOTIMAR/ОБЪЕКТЫ ИЗВЕЩЕНИЙ МОРЕПЛАВАТЕЛЯМ // Объекты извещений мореплавателям
object[X3000000-0] I_NavWars I_NAVWARS/ОБЪЕКТЫ НАВИГАЦИОННЫХ ПРЕДУПРЕЖДЕНИЙ // Объекты навигационных предупреждений
object[X4220000-0] I_Item2 I_ITEM2/ПУНКТ ИМ ДЛЯ КАРТ (ОТДЕЛ II) // Пункт ИМ для карт (отдел II)
object[X6114000-0] I_Sched I_SCHED/РАСПИСАНИЯ ПЕРЕДАЧ НП И ГИДРОМЕТ // Расписания передач НП и гидромет
object[X4231000-0] I_Item3_Loci I_ITEM3_LOCI/ПУНКТ ИМ ДЛЯ ТЕКСТА (ОТДЕЛ III) // Пункт ИМ для текста (отдел III)
object[X4240000-0] I_Item4 I_ITEM4/ПУНКТ ИМ ДЛЯ КАТАЛОГОВ (ОТДЕЛ IV) // Пункт ИМ для каталогов (отдел IV)
object[X4100000-0] I_NotiMar I_NOTIMAR/ИЗВЕЩЕНИЕ МОРЕПЛАВАТЕЛЯМ // Извещение мореплавателям
object[X4200000-0] I_ItemNM I_ITEMNM/ПУНКТЫ ИМ // Пункты ИМ
object[X2100000-0] I_ReleasNM I_RELEASNM/ВЫПУСК ИМ // Выпуск ИМ
object[X4210000-0] I_Item1 I_ITEM1/ПУНКТ ИМ ОБЩЕЙ ИНФОРМАЦИИ (ОТДЕЛ I) // Пункт ИМ общей информации (отдел I)
object[X4110000-0] I_NM1 I_NM1/ИЗВЕЩЕНИЕ МОРЕПЛАВАТЕЛЯМ (ОТДЕЛ I) // Извещение мореплавателям (отдел I)
object[X4120000-0] I_NM2 I_NM2/ИЗВЕЩЕНИЕ МОРЕПЛАВАТЕЛЯМ (ОТДЕЛ II) // Извещение мореплавателям (отдел II)
object[X4130000-0] I_NM3 I_NM3/ИЗВЕЩЕНИЕ МОРЕПЛАВАТЕЛЯМ (ОТДЕЛ III) // Извещение мореплавателям (отдел III)
object[X4140000-0] I_NM4 I_NM4/ИЗВЕЩЕНИЕ МОРЕПЛАВАТЕЛЯМ (ОТДЕЛ IV) // Извещение мореплавателям (отдел IV)
object[X4131000-0] I_NM3_Locia I_NM3_LOCIA/ИМ ЛОЦИИ // ИМ лоции
object[X4132000-0] I_NM3_LitSig I_NM3_LITSIG/ИМ РУКОВОДСТВА ОГНИ И ЗНАКИ // ИМ Руководства Огни и знаки
object[X4133000-0] I_NM3_RadNav I_NM3_RADNAV/ИМ РУКОВОДСТВА РТСНО // ИМ Руководства РТСНО
object[X4233000-0] I_Item3_RadNav I_ITEM3_RADNAV/ПУНКТ ИМ ДЛЯ РУКОВОДСТВА РТСНО (ОТДЕЛ III) // Пункт ИМ для Руководства РТСНО (отдел III)
object[X4232000-0] I_Item3_LitSig I_ITEM3_LITSIG/ПУНКТ ИМ ДЛЯ РУКОВОДСТВА ОГНИ И ЗНАКИ (ОТДЕЛ III) // Пункт ИМ для Руководства Огни и знаки (отдел III)
object[X6161000-0] I_Catalog I_CATALOG/КАТАЛОГ КАРТ И КНИГ // Каталог карт и книг
object[X6116000-0] I_ModNav I_MODNAV/РЕЖИМ ПЛАВАНИЯ // Режим плавания
object[X6120000-0] I_ManMar I_MANMAR/ПОСОБИЯ ДЛЯ ПЛАВАНИЯ // Пособия для плавания
object[X6121000-0] I_OceanWays I_OCEANWAYS/ОКЕАНСКИЕ ПУТИ МИРА // Океанские пути мира
object[S2300001-0] I_SupInf I_SUPINF/НАВИГАЦИОННАЯ ИНФОРМАЦИЯ // Навигационная информация
object[X7000000-0] I_SysObjsComp I_SYSOBJSCOMP/СОСТАВНЫЕ ЭЛЕМЕНТЫ РУКОВОДСТВ И ПОСОБИЙ // Составные элементы руководств и пособий
object[X1103000-0] I_AppToMar I_APPTOMAR/ОБРАЩЕНИЕ К МОРЕПЛАВАТЕЛЯМ // Обращение к мореплавателям
object[X7010000-0] I_PilotObjs I_PILOTOBJS/ОБЪЕКТЫ ЛОЦИИ // Объекты Лоции
object[X2000000-0] I_ObjReleasNM I_OBJRELEASNM/ОБЪЕКТЫ ВЫПУСКА ИМ // Объекты выпуска ИМ
object[X7020000-0] I_LSObjs I_LSOBJS/ОБЪЕКТЫ РУКОВОДСТВА ОГНИ И ЗНАКИ // Объекты Руководства Огни и знаки
object[X7021100-0] I_LS1 I_LS1/ГРАФА 1 В ОИЗ // Графа 1 в ОиЗ
object[X7021200-0] I_LS2 I_LS2/ГРАФА 2 В ОИЗ // Графа 2 в ОиЗ
object[X7021300-0] I_LS3 I_LS3/ГРАФА 3 В ОИЗ // Графа 3 в ОиЗ
object[X7021400-0] I_LS4 I_LS4/ГРАФА 4 В ОИЗ // Графа 4 в ОиЗ
object[X7021500-0] I_LS5 I_LS5/ГРАФА 5 В ОИЗ // Графа 5 в ОиЗ
object[X4900000-0] I_HSRepObj I_HSREPOBJ/ОБЪЕКТЫ ДОНЕСЕНИЙ ГС ФЛОТОВ // Объекты донесений ГС флотов
object[X2810000-0] I_BullNavWar I_BULLNAVWAR/БЮЛЛЕТЕНЬ НАВИГАЦИОННЫХ ПРЕДУПРЕЖДЕНИЙ // Бюллетень навигационных предупреждений
object[X2900000-0] I_AddNotiMar I_ADDNOTIMAR/ВКЛАДКА К ВЫПУСКУ ИМ // Вкладка к выпуску ИМ
object[X6100000-0] I_GuiMan I_GUIMAN/РУКОВОДСТВА И ПОСОБИЯ // Руководства и пособия
object[X6115000-0] I_FaxSched I_FAXSCHED/РАСПИСАНИЕ ФАКСИМИЛЬНЫХ ГИДРОМЕТЕОРОЛОГИЧЕСКИХ РАДИОПЕРЕДАЧ // Расписание факсимильных гидрометеорологических радиопередач
object[X6117000-0] I_RulNav I_RULNAV/ПРАВИЛА ПЛАВАНИЯ // Правила плавания
object[X6118000-0] I_PortMan I_PORTMAN/РУКОВОДСТВА ДЛЯ ЗАХОДА СУДОВ В РОССИЙСКИЕ ПОРТЫ // Руководства для захода судов в российские порты
object[X6119000-0] I_IceMan I_ICEMAN/РУКОВОДСТВА ДЛЯ ПЛАВАНИЯ ВО ЛЬДАХ ПО СЕВЕРНОМУ МОРСКОМУ ПУТИ // Руководства для плавания во льдах по Северному морскому пути
object[X6122000-0] I_RadioTabs I_RADIOTABS/ТАБЛИЦЫ РАДИОНАВИГАЦИОННЫХ СИСТЕМ (РНС) // Таблицы радионавигационных систем (РНС)
object[X6123000-0] I_AccurAtl I_ACCURATL/АТЛАСЫ ЗОН ТОЧНОСТИ ОПРЕДЕЛЕНИЯ МЕСТА С ПОМОЩЬЮ РНС // Атласы зон точности определения места с помощью РНС
object[X6140000-0] I_AstroMan I_ASTROMAN/МОРСКИЕ АСТРОНОМИЧЕСКИЕ ПОСОБИЯ // Морские астрономические пособия
object[X6150000-0] I_LegMan I_LEGMAN/МЕЖДУНАРОДНО-ПРАВОВЫЕ РУКОВОДСТВА // Международно-правовые руководства
object[X6160000-0] I_AuxMan I_AUXMAN/ВСПОМОГАТЕЛЬНЫЕ И СПРАВОЧНЫЕ ПОСОБИЯ ДЛЯ МОРЕПЛАВАТЕЛЕЙ // Вспомогательные и справочные пособия для мореплавателей
object[X6200000-0] I_InWayMan I_INWAYMAN/РУКОВОДСТВА И ПОСОБИЯ ДЛЯ ВНУТРЕННИХ ВОДНЫХ ПУТЕЙ // Руководства и пособия для внутренних водных путей
object[X4910000-0] I_HSRep I_HSREP/СООБЩЕНИЕ ГС ФЛОТА // Сообщение ГС флота
object[X3100000-0] I_NavWarn I_NAVWARN/НАВИГАЦИОННОЕ ПРЕДУПРЕЖДЕНИЕ (НП) // Навигационное предупреждение (НП)
object[X1102000-0] I_TitulBack I_TITULBACK/ТЕКСТ НА ОБОРОТЕ ТИТУЛЬНОГО ЛИСТА // Текст на обороте титульного листа
object[X1104000-0] I_GenComm I_GENCOMM/ОБЩИЕ ЗАМЕЧАНИЯ // Общие замечания
object[X1400000-0] I_ListAbbr I_LISTABBR/ПЕРЕЧЕНЬ УСЛОВНЫХ ОБОЗНАЧЕНИЙ И СОКРАЩЕНИЙ // Перечень условных обозначений и сокращений
object[X7023000-0] I_AidNavsDesc I_AIDNAVSDESC/РУКОВОДСТВО ОГНИ И ЗНАКИ // Руководство Огни и знаки
object[X7024000-0] I_ColRegANDesc I_COLREGANDESC/ТАБЛИЦА СНО КОЛОНТИТУЛЬНОГО РАЙОНА // Таблица СНО колонтитульного района
object[X7025000-0] I_RegANDesc I_REGANDESC/ТАБЛИЦА СНО РАЙОНА // Таблица СНО района
object[X7026000-0] I_UndRegDesc I_UNDREGDESC/ТАБЛИЦА СНО ПОДРАЙОНА // Таблица СНО подрайона
object[X7027000-0] I_SubUndReg I_SUBUNDREG/ТАБЛИЦА СНО СУБПОДРАЙОНА // Таблица СНО субподрайона
object[X1101000-0] I_Titul I_TITUL/ТИТУЛЬНЫЙ ЛИСТ // Титульный лист
object[X7022000-0] I_TabConLitSig I_TABCONLITSIG/ОГЛАВЛЕНИЕ ОИЗ // Оглавление ОиЗ
object[X7030000-0] I_CatObjs I_CATOBJS/ОБЪЕКТЫ КАТАЛОГА КАРТ И КНИГ // Объекты Каталога карт и книг
object[X7013000-0] I_TabConPilot I_TABCONPILOT/ОГЛАВЛЕНИЕ ЛОЦИИ // Оглавление Лоции
object[X7014000-0] I_NavDesc I_NAVDESC/НАВИГАЦИОННОЕ ОПИСАНИЕ ЛОЦИИ // Навигационное описание Лоции
object[X7012010-0] I_Chapt I_CHAPT/ГЛАВА ЛОЦИИ // Глава Лоции
object[X7012020-0] I_SubChap I_SUBCHAP/ПОДГЛАВА ЛОЦИИ // Подглава Лоции
object[X7012030-0] I_Sect I_SECT/РАЗДЕЛ ЛОЦИИ // Раздел Лоции
object[X7012040-0] I_SubSec I_SUBSEC/ПОДРАЗДЕЛ ЛОЦИИ // Подраздел Лоции
object[X7012050-0] I_SubSecIt I_SUBSECIT/ПОДРАЗДЕЛ (КУРСИВ) ЛОЦИИ // Подраздел (курсив) Лоции
object[X7012060-0] I_SubSecDs I_SUBSECDS/ПОДРАЗДЕЛ (РАЗРЯДКА) ЛОЦИИ // Подраздел (разрядка) Лоции
object[X1300000-0] I_Illus I_ILLUS/ИЛЛЮСТРАЦИЯ В КНИГЕ // Иллюстрация в Книге
object[X7011000-0] I_PilotTabs I_PILOTTABS/ТАБЛИЦЫ В ЛОЦИИ // Таблицы в Лоции
object[X1000000-0] I_ComSysObjs I_COMSYSOBJS/ОБЩИЕ ЭЛЕМЕНТЫ КНИГ // Общие элементы книг
object[X1106000-0] I_ImpNoti I_IMPNOTI/ВАЖНЫЕ ПРЕДУПРЕЖДЕНИЯ // Важные предупреждения
object[X1105000-0] I_CircInstr I_CIRCINSTR/ЦИРКУЛЯРНОЕ УКАЗАНИЕ // Циркулярное указание
object[X7015000-0] I_ReferPart I_REFERPART/СПРАВОЧНЫЙ ОТДЕЛ // Справочный отдел
object[X7011070-0] I_PD_Tab I_PD_TAB/ТАБЛИЦА СВЕДЕНИЙ О ПРИЧАЛЬНЫХ СООРУЖЕНИЯХ // Таблица сведений о причальных сооружениях
object[X7021000-0] I_LSTabs I_LSTABS/ЭЛЕМЕНТЫ ТАБЛИЦ ОИЗ // Элементы таблиц ОиЗ
object[X7031100-0] I_TabsFields I_TABSFIELDS/ПОЛЯ ТАБЛИЦ КАТАЛОГА КИК // Поля таблиц Каталога КиК
object[X6190000-0] I_GuiMans I_GUIMANS/ПРОЧИЕ РУКОВОДСТВА И ПОСОБИЯ // Прочие руководства и пособия
object[X6191000-0] I_StatDocs I_STATDOCS/УСТАВНЫЕ ДОКУМЕНТЫ ГС ВМФ // Уставные документы ГС ВМФ
object[X6193000-0] I_FundGeoMar I_FUNDGEOMAR/ФУНДАМЕНТАЛЬНЫЕ ПОСОБИЯ ПО ГЕОГРАФИИ МОРЕЙ И ОКЕАНОВ // Фундаментальные пособия по географии морей и океанов
object[X6194000-0] I_ScTecGui I_SCTECGUI/НАУЧНО-ТЕХНИЧЕСКИЕ И УЧЕБНЫЕ ПОСОБИЯ // Научно-технические и учебные пособия
object[X1200000-0] I_Parag I_PARAG/АБЗАЦ КНИГИ // Абзац книги
object[X6000000-0] I_Product I_PRODUCT/ИЗДАНИЕ СИСТЕМЫ КАРТ, РУКОВОДСТВ И ПОСОБИЙ // Издание системы карт, руководств и пособий
object[X6310000-0] I_MarMap I_MARMAP/ИНФОРМАЦИЯ О МОРСКОЙ КАРТЕ // Информация о морской карте
object[X7017000-0] I_NavGeoEsse I_NAVGEOESSE/НАВИГАЦИОННО-ГЕОГРАФИЧЕСКИЙ ОЧЕРК // Навигационно-географический очерк
object[X7018000-0] I_GidMetEsse I_GIDMETESSE/ГИДРОМЕТЕОРОЛОГИЧЕСКИЙ ОЧЕРК // Гидрометеорологический очерк
object[X7016000-0] I_ForeRuls I_FORERULS/ПРАВИЛА ПЛАВАНИЯ (НА ИНОСТРАННЫЕ ВОДЫ) // Правила плавания (на иностранные воды)
object[X1100000-0] I_ParI I_PARI/ТЕКСТОВЫЙ ЭЛЕМЕНТ СОДЕРЖАНИЯ // Текстовый элемент содержания
object[X7021610-0] I_AIDMain I_AIDMAIN/СТРОКА ОСНОВНОГО ЭЛЕМЕНТА СНО // Строка основного элемента СНО
object[X7021620-0] I_AIDAdd I_AIDADD/СТРОКА ДОПОЛНИТЕЛЬНОГО ЭЛЕМЕНТА СНО // Строка дополнительного элемента СНО
object[X7012000-0] I_PilotBlock I_PILOTBLOCK/СТРУКТУРНЫЙ ЭЛЕМЕНТ ЛОЦИИ // Структурный элемент лоции
object[X7050000-0] I_RTAObjs I_RTAOBJS/ОБЪЕКТЫ РУКОВОДСТВА РТСНО // Объекты Руководства РТСНО
object[X7051720-0] I_TabConRTA I_TABCONRTA/ОГЛАВЛЕНИЕ РУКОВОДСТВА РТСНО // Оглавление Руководства РТСНО
object[X7051101-0] I_RTLcol1 I_RTLCOL1/НАЗЕМНЫЕ РНС ГРАФА 1 // Наземные РНС Графа 1
object[X7051110-0] I_RTLcol10 I_RTLCOL10/НАЗЕМНЫЕ РНС ГРАФА 10 // Наземные РНС Графа 10
object[X7051102-0] I_RTLcol2 I_RTLCOL2/НАЗЕМНЫЕ РНС ГРАФА 2 // Наземные РНС Графа 2
object[X7051103-0] I_RTLcol3 I_RTLCOL3/НАЗЕМНЫЕ РНС ГРАФА 3 // Наземные РНС Графа 3
object[X7051104-0] I_RTLcol4 I_RTLCOL4/НАЗЕМНЫЕ РНС ГРАФА 4 // Наземные РНС Графа 4
object[X7051105-0] I_RTLcol5 I_RTLCOL5/НАЗЕМНЫЕ РНС ГРАФА 5 // Наземные РНС Графа 5
object[X7051106-0] I_RTLcol6 I_RTLCOL6/НАЗЕМНЫЕ РНС ГРАФА 6 // Наземные РНС Графа 6
object[X7051107-0] I_RTLcol7 I_RTLCOL7/НАЗЕМНЫЕ РНС ГРАФА 7 // Наземные РНС Графа 7
object[X7051108-0] I_RTLcol8 I_RTLCOL8/НАЗЕМНЫЕ РНС ГРАФА 8 // Наземные РНС Графа 8
object[X7051109-0] I_RTLcol9 I_RTLCOL9/НАЗЕМНЫЕ РНС ГРАФА 9 // Наземные РНС Графа 9
object[X7051300-0] I_RTR I_RTR/Р(ТР) (3002) // Р(тр) (3002)
object[X7051710-0] I_RTAGenInf I_RTAGENINF/ОБЩИЕ СВЕДЕНИЯ // Общие сведения
object[X7051380-0] I_RTRSAdd I_RTRSADD/Р(ТР) (3002) СТРОКА ДОП. ЭЛЕМЕНТА РТСНО // Р(тр) (3002) Строка доп. элемента РТСНО
object[X7051390-0] I_RTRSMain I_RTRSMAIN/Р(ТР) (3002) СТРОКА ОСН. ЭЛЕМЕНТА РТСНО // Р(тр) (3002) Строка осн. элемента РТСНО
object[X7051330-0] I_RTRcol3 I_RTRCOL3/Р(ТР) ГРАФА 3 // Р(тр) Графа 3
object[X7051340-0] I_RTRcol4 I_RTRCOL4/Р(ТР) ГРАФА 4 // Р(тр) Графа 4
object[X7051350-0] I_RTRcol5 I_RTRCOL5/Р(ТР) ГРАФА 5 // Р(тр) Графа 5
object[X7051400-0] I_RL I_RL/РЛМК // РЛМк
object[X7051430-0] I_RLcol3 I_RLCOL3/РЛМК ГРАФА 3 // РЛМк Графа 3
object[X7051440-0] I_RLcol4 I_RLCOL4/РЛМК ГРАФА 4 // РЛМк Графа 4
object[X7051450-0] I_RLcol5 I_RLCOL5/РЛМК ГРАФА 5 // РЛМк Графа 5
object[X7051490-0] I_RLSMain I_RLSMAIN/РЛМК СТРОКА ОСНОВНОГО ЭЛЕМЕНТА РТСНО // РЛМк Строка основного элемента РТСНО
object[X7051500-0] I_RN I_RN/РМК,АРМК,РПС,Р(ТР) (ТОЛЬКО 3003) // РМк,АРМк,РПС,Р(тр) (только 3003)
object[X7051530-0] I_RNcol3 I_RNCOL3/РМК,АРМК,РПС,Р(ТР) ГРАФА 3 // РМк,АРМк,РПС,Р(тр) Графа 3
object[X7051540-0] I_RNcol4 I_RNCOL4/РМК,АРМК,РПС,Р(ТР) ГРАФА 4 // РМк,АРМк,РПС,Р(тр) Графа 4
object[X7051550-0] I_RNcol5 I_RNCOL5/РМК,АРМК,РПС,Р(ТР) ГРАФА 5 // РМк,АРМк,РПС,Р(тр) Графа 5
object[X7051580-0] I_RNSAdd I_RNSADD/РМК,АРМК,РПС,Р(ТР) СТРОКА ДОП. ЭЛЕМЕНТА РТСНО // РМк,АРМк,РПС,Р(тр) Строка доп. элемента РТСНО
object[X7051590-0] I_RNSMain I_RNSMAIN/РМК,АРМК,РПС,Р(ТР) СТРОКА ОСН. ЭЛЕМЕНТА РТСНО // РМк,АРМк,РПС,Р(тр) Строка осн. элемента РТСНО
object[X7051600-0] I_SNS I_SNS/СНС // СНС
object[X7051630-0] I_KKScol3 I_KKSCOL3/ККС ГРАФА 3 // ККС Графа 3
object[X7051640-0] I_KKScol4 I_KKSCOL4/ККС ГРАФА 4 // ККС Графа 4
object[X7051650-0] I_KKScol5 I_KKSCOL5/ККС ГРАФА 5 // ККС Графа 5
object[X7051660-0] I_KKScol6 I_KKSCOL6/ККС ГРАФА 6 // ККС Графа 6
object[X7051690-0] I_KKSSMain I_KKSSMAIN/ККС СТРОКА ОСНОВНОГО ЭЛЕМЕНТА РТСНО // ККС Строка основного элемента РТСНО
object[X7051740-0] I_SysSubPart I_SYSSUBPART/ПОДРАЗДЕЛ ОПИСАНИЯ СИСТЕМЫ // Подраздел описания системы
object[X6320000-0] I_InsetMap I_INSETMAP/ИНФОРМАЦИЯ О КАРТЕ-ВРЕЗКЕ // Информация о карте-врезке
object[X7031110-0] I_Number I_NUMBER/НОМЕР // Номер
object[X7031400-0] I_ChartDesc I_CHARTDESC/СТРОКА ОПИСАНИЯ КАРТЫ // Строка описания карты
object[X7031120-0] I_ChBoNam I_CHBONAM/НАЗВАНИЕ КАРТЫ (КНИГИ) // Название карты (книги)
object[X7031130-0] I_DenScale I_DENSCALE/ЗНАМЕНАТЕЛЬ МАСШТАБА // Знаменатель масштаба
object[X7031500-0] I_BookDesc I_BOOKDESC/СТРОКА ОПИСАНИЯ КНИГИ // Строка описания книги
object[X7031150-0] I_PublDate I_PUBLDATE/ДАТА (ГОД) ИЗДАНИЯ // Дата (год) издания
object[X7031160-0] I_CatPrice I_CATPRICE/КАТЕГОРИЯ ЦЕНЫ // Категория цены
object[X7031140-0] I_PageNum I_PAGENUM/НОМЕР СТРАНИЦЫ // Номер страницы
object[X1521100-0] I_Note I_NOTE/ПРИМЕЧАНИЕ // Примечание
object[X7031000-0] I_CatTabs I_CATTABS/ТАБЛИЦЫ КАТАЛОГА КИК // Таблицы Каталога КиК
object[X7031800-0] I_NumPoiLine I_NUMPOILINE/СТРОКА НОМЕРНОГО УКАЗАТЕЛЯ // Строка номерного указателя
object[X7031600-0] I_ChaNumPoi I_CHANUMPOI/НОМЕРНОЙ УКАЗАТЕЛЬ КАРТ // Номерной указатель карт
object[X7031700-0] I_BooNumPoi I_BOONUMPOI/НОМЕРНОЙ УКАЗАТЕЛЬ КНИГ // Номерной указатель книг
object[X7031200-0] I_ChaTab I_CHATAB/ТАБЛИЦА КАРТ // Таблица карт
object[X7031300-0] I_BooTab I_BOOTAB/ТАБЛИЦА КНИГ // Таблица книг
object[X7035000-0] I_Preface I_PREFACE/ПРЕДИСЛОВИЕ // Предисловие
object[X7036000-0] I_TabConCat I_TABCONCAT/ОГЛАВЛЕНИЕ КАТАЛОГА КИК // Оглавление Каталога КиК
object[X7034000-0] I_InSheets I_INSHEETS/СБОРНЫЙ ЛИСТ КАРТ И КНИГ // Сборный лист карт и книг
object[X7032000-0] I_ChaObjs I_CHAOBJS/ОБЪЕКТЫ ОПИСАНИЯ КАРТ // Объекты описания карт
object[X7032100-0] I_Charts I_CHARTS/КАРТЫ // Карты
object[X7032500-0] I_Unit_1 I_UNIT_1/ОТДЕЛ I // Отдел I
object[X7032600-0] I_Unit_2 I_UNIT_2/ОТДЕЛ II // Отдел II
object[X7032300-0] I_NavCha I_NAVCHA/НАВИГАЦИОННЫЕ МОРСКИЕ КАРТЫ // Навигационные морские карты
object[X7032400-0] I_InfCha I_INFCHA/ВСПОМОГАТЕЛЬНЫЕ, СПРАВОЧНЫЕ КАРТЫ // Вспомогательные, справочные карты
object[X7051750-0] I_Append I_APPEND/ПРИЛОЖЕНИЯ // Приложения
object[X7051730-0] I_SysPart I_SYSPART/РАЗДЕЛ ОПИСАНИЯ СИСТЕМЫ // Раздел описания системы
object[X7032200-0] I_KindCha I_KINDCHA/ВИД КАРТ // Вид карт
object[X7033000-0] I_BooObjs I_BOOOBJS/ОБЪЕКТЫ ОПИСАНИЯ КНИГ // Объекты описания книг
object[X7033100-0] I_Books I_BOOKS/КНИГИ // Книги
object[X7033200-0] I_KindBook I_KINDBOOK/ВИД КНИГ // Вид книг
object[X1600000-0] I_RegName I_REGNAME/НАЗВАНИЕ РЕГИОНА // Название региона
object[X7040000-0] I_RegimObjs I_REGIMOBJS/ОБЪЕКТЫ РУКОВОДСТВА РЕЖИМ ПЛАВАНИЯ // Объекты Руководства Режим плавания
object[X7043000-0] I_TabConRegim I_TABCONREGIM/ОГЛАВЛЕНИЕ РУКОВОДСТВА РЕЖИМ ПЛАВАНИЯ // Оглавление Руководства Режим плавания
object[X1107000-0] I_Introd I_INTROD/ВВЕДЕНИЕ // Введение
object[X1108000-0] I_GenInstr I_GENINSTR/УКАЗАНИЯ ДЛЯ ПЛАВАНИЯ // Указания для плавания
object[X7045000-0] I_RegimRegs I_REGIMREGS/ГРУППА ОБЪЕКТОВ С УСТАНОВЛЕННЫМ РЕЖИМОМ ПЛАВАНИЯ // Группа объектов с установленным режимом плавания
object[X1500000-0] I_CommTabs I_COMMTABS/ОБЪЕКТЫ ОБЩИХ ТАБЛИЦ // Объекты общих таблиц
object[X1510200-0] I_PoiTab I_POITAB/ТАБЛИЦА КООРДИНИРОВАННЫХ ТОЧЕК // Таблица координированных точек
object[X1520100-0] I_TabLin I_TABLIN/СТРОКА ТАБЛИЦЫ // Строка таблицы
object[X1520300-0] I_PoiNum I_POINUM/НОМЕР ТОЧКИ // Номер точки
object[X1520400-0] I_Coord I_COORD/КООРДИНАТЫ ТОЧКИ // Координаты точки
object[X1520500-0] I_PoiDesc I_POIDESC/ОПИСАНИЕ ТОЧКИ // Описание точки
object[X1510300-0] I_PathTab I_PATHTAB/ТАБЛИЦА ОПИСАНИЯ РЕКОМЕНДОВАННОГО ПУТИ // Таблица описания рекомендованного пути
object[X1520600-0] I_PathDir I_PATHDIR/НАПРАВЛЕНИЕ ПУТИ // Направление пути
object[X1520700-0] I_PathDist I_PATHDIST/РАССТОЯНИЕ ПУТИ // Расстояние пути
object[X1510000-0] I_Tabs I_TABS/ТАБЛИЦЫ // Таблицы
object[X1520000-0] I_TabObjs I_TABOBJS/ЭЛЕМЕНТЫ ТАБЛИЦ // Элементы таблиц
object[X1521000-0] I_Wigth I_WIGTH/ШИРИНА // Ширина
object[X1520200-0] I_TabSell I_TABSELL/ЯЧЕЙКА ТАБЛИЦЫ // Ячейка таблицы
object[X1510400-0] I_FWTab I_FWTAB/ТАБЛИЦА ОПИСАНИЯ ФАРВАТЕРА // Таблица описания фарватера
object[X7041000-0] I_CommRegim I_COMMREGIM/ОБЩИЕ ОБЪЕКТЫ РЕЖИМОВ ПЛАВАНИЯ // Общие объекты режимов плавания
object[X7041010-0] I_GeoPos I_GEOPOS/ГЕОГРАФИЧЕСКОЕ ПОЛОЖЕНИЕ // Географическое положение
object[X7042000-0] I_ResAreDesc I_RESAREDESC/ОПИСАНИЕ РАЙОНА С УСТАНОВЛЕННЫМ РЕЖИМОМ ПЛАВАНИЯ // Описание района с установленным режимом плавания
object[X7041020-0] I_CoorPos I_COORPOS/КООРДИНАТНОЕ ПОЛОЖЕНИЕ // Координатное положение
object[X7041030-0] I_ChartList I_CHARTLIST/СПИСОК КАРТ // Список карт
object[X7046100-0] I_RecTrc I_RECTRC/ОПИСАНИЕ РЕКОМЕНДОВАННОГО ПУТИ // Описание рекомендованного пути
object[X7041040-0] I_PathName I_PATHNAME/НАЗВАНИЕ ПУТИ // Название пути
object[X1510100-0] I_Tab I_TAB/ТАБЛИЦА // Таблица
object[X7044000-0] I_RegimNumPoi I_REGIMNUMPOI/НОМЕРНОЙ УКАЗАТЕЛЬ РЕЖИМОВ // Номерной указатель режимов
object[X7046200-0] I_FWDesc I_FWDESC/ОПИСАНИЕ ФАРВАТЕРА // Описание фарватера
object[X7047000-0] I_TrafSep I_TRAFSEP/ОПИСАНИЕ СИСТЕМЫ РАЗДЕЛЕНИЯ ДВИЖЕНИЯ // Описание системы разделения движения
object[X7041050-0] I_BegPoiFW I_BEGPOIFW/ОПИСАНИЕ НАЧАЛЬНОЙ ТОЧКИ ФАРВАТЕРА // Описание начальной точки фарватера
object[X1520800-0] I_Dep I_DEP/ЗНАЧЕНИЕ ГЛУБИН // Значение глубин
object[X1520900-0] I_PermDrau I_PERMDRAU/ДОПУСТИМАЯ ОСАДКА // Допустимая осадка
object[X7011030-0] I_SigPosi I_SIGPOSI/ПОЛОЖЕНИЕ ЗНАКОВ // Положение знаков
object[X7011050-0] I_Dist I_DIST/РАССТОЯНИЕ // Расстояние
object[X7011080-0] I_NavLinTab I_NAVLINTAB/ТАБЛИЦА СВЕДЕНИЙ О СТВОРАХ // Таблица сведений о створах
object[X7011060-0] I_SigTyp I_SIGTYP/ВИД ЗНАКОВ // Вид знаков
object[X7011010-0] I_NamNum I_NAMNUM/НАЗВАНИЕ (НОМЕР) // Название (номер)
object[X7011020-0] I_Posi I_POSI/ПОЛОЖЕНИЕ // Положение
object[X7011040-0] I_Leng I_LENG/ДЛИНА // Длина
object[X3110000-0] I_Navarea I_NAVAREA/НАВАРЕА // НАВАРЕА
object[X3120000-0] I_Navip I_NAVIP/НАВИП // НАВИП
object[X3130000-0] I_Prip I_PRIP/ПРИП // ПРИП
object[X3200000-0] I_NavWarItem I_NAVWARITEM/ПУНКТЫ ПРЕДУПРЕЖДЕНИЯ // Пункты предупреждения
object[X3210000-0] I_NavarItem I_NAVARITEM/ПУНКТЫ НАВАРЕА // Пункты НАВАРЕА
object[X3220000-0] I_NavipItem I_NAVIPITEM/ПУНКТЫ НАВИП // Пункты НАВИП
object[X3230000-0] I_PripItem I_PRIPITEM/ПУНКТЫ ПРИП // Пункты ПРИП
object[X7031170-0] I_PartCat I_PARTCAT/ЧАСТЬ КАТАЛОГА // Часть каталога
object[X4135000-0] I_NM3Any I_NM3ANY/ИМ ПРОЧИХ КНИГ // ИМ прочих книг
object[X4134000-0] I_NM3Shid I_NM3SHID/ИМ РАСПИСАНИЯ ПЕРЕДАЧ // ИМ Расписания передач
object[X4141000-0] I_NM4Cat I_NM4CAT/ИМ КОРРЕКТУРЫ КАТАЛОГА // ИМ корректуры каталога
object[X4142000-0] I_NM4Num I_NM4NUM/ИМ КОРРЕКТУРЫ НУМЕРНИКА // ИМ корректуры нумерника
object[X2741000-0] I_PNM4 I_PNM4/РАЗДЕЛЫ ИМ ОТДЕЛА IV // Разделы ИМ отдела IV
object[X2741500-0] I_PNM4NumMap I_PNM4NUMMAP/РАЗДЕЛ ИМ КОРРЕКТУРЫ НУМЕРНИКА "КАРТЫ" // Раздел ИМ корректуры нумерника "Карты"
object[X2741600-0] I_PNM4NumBoo I_PNM4NUMBOO/РАЗДЕЛ ИМ КОРРЕКТУРЫ НУМЕРНИКА "КНИГИ" // Раздел ИМ корректуры нумерника "Книги"
object[X2741100-0] I_PNM4Map I_PNM4MAP/РАЗДЕЛ ИМ КОРРЕКТУРЫ КАТАЛОГА "КАРТЫ" // Раздел ИМ корректуры каталога "Карты"
object[X2741200-0] I_PNM4NBook I_PNM4NBOOK/РАЗДЕЛ ИМ КОРРЕКТУРЫ КАТАЛОГА "КНИГИ" // Раздел ИМ корректуры каталога "Книги"
object[X2741300-0] I_PNM4NuM I_PNM4NUM/РАЗДЕЛ ИМ КОРРЕКТУРЫ КАТАЛОГА "НОМЕРНОЙ УКАЗАТЕЛЬ КАРТ" // Раздел ИМ корректуры каталога "Номерной указатель карт"
object[X2741400-0] I_PNM4NuB I_PNM4NUB/РАЗДЕЛ ИМ КОРРЕКТУРЫ КАТАЛОГА "НОМЕРНОЙ УКАЗАТЕЛЬ КНИГ" // Раздел ИМ корректуры каталога "Номерной указатель книг"
object[X2700000-0] I_PartsRelea I_PARTSRELEA/ОТДЕЛЫ ВЫПУСКА ИМ // Отделы выпуска ИМ
object[X2710000-0] I_ReleaPartI I_RELEAPARTI/ОТДЕЛ I. ОБЩАЯ ИНФОРМАЦИЯ // Отдел I. Общая информация
object[X2720000-0] I_ReleaPartII I_RELEAPARTII/ОТДЕЛ II. КОРРЕКТУРА КАРТ // Отдел II. Корректура карт
object[X2730000-0] I_ReleaPartIII I_RELEAPARTIII/ОТДЕЛ III. КОРРЕКТУРА КНИГ // Отдел III. Корректура книг
object[X2740000-0] I_ReleaPartIV I_RELEAPARTIV/ОТДЕЛ IV. КОРРЕКТУРА КАТАЛОГОВ // Отдел IV. Корректура каталогов
object[X2200000-0] I_TabConNM I_TABCONNM/ОГЛАВЛЕНИЕ ВЫПУСКА ИМ // Оглавление Выпуска ИМ
object[X2300000-0] I_NoteMar I_NOTEMAR/К СВЕДЕНИЮ МОРЕПЛАВАТЕЛЕЙ // К сведению мореплавателей
object[X2600000-0] I_CorrList I_CORRLIST/ПЕРЕЧЕНЬ ИЗДАНИЙ, ПОДЛЕЖАЩИХ КОРРЕКТУРЕ // Перечень изданий, подлежащих корректуре
object[X7011100-0] I_Dir I_DIR/НАПРАВЛЕНИЕ // Направление
object[X1210000-0] I_AddParag I_ADDPARAG/ДОПОЛНИТЕЛЬНЫЙ АБЗАЦ // Дополнительный абзац
object[X2721000-0] I_RegNM I_REGNM/НАЗВАНИЕ РЕГИОНА ИМ // Название региона ИМ
object[X7044100-0] I_RNPTab I_RNPTAB/ТАБЛИЦА НОМЕРНОГО УКАЗАТЕЛЯ РЕЖИМОВ // Таблица номерного указателя режимов
object[X7044200-0] I_RNPLine I_RNPLINE/СТРОКА НОМЕРНОГО УКАЗАТЕЛЯ РЕЖИМОВ // Строка номерного указателя режимов
object[X7044300-0] I_RNPNum I_RNPNUM/НОМЕР ОБЪЕКТА НОМЕРНОГО УКАЗАТЕЛЯ РЕЖИМОВ // Номер объекта номерного указателя режимов
object[X7044400-0] I_RNPDesc I_RNPDESC/ОПИСАНИЕ ПОЛОЖЕНИЯ // Описание положения
object[X7044500-0] I_RNPPage I_RNPPAGE/НОМЕР СТРАНИЦЫ ДЛЯ НОМЕРНОГО УКАЗАТЕЛЯ РЕЖИМОВ // Номер страницы для номерного указателя режимов
object[X2510000-0] I_RelNumPoi I_RELNUMPOI/НУМЕРНИК ИМ // Нумерник ИМ
object[X7047100-0] I_TSPart I_TSPART/ЧАСТЬ СИСТЕМЫ РАЗДЕЛЕНИЯ ДВИЖЕНИЯ // Часть системы разделения движения
object[X2731000-0] I_PNM3 I_PNM3/РАЗДЕЛЫ ОТДЕЛА III // Разделы отдела III
object[X2731100-0] I_PNM3Loci I_PNM3LOCI/РАЗДЕЛ ОТДЕЛА III "ЛОЦИИ" // Раздел отдела III "Лоции"
object[X2731200-0] I_PNM3LitSig I_PNM3LITSIG/РАЗДЕЛ ОТДЕЛА III "ОПИСАНИЯ ОГНЕЙ И ЗНАКОВ" // Раздел отдела III "Описания огней и знаков"
object[X2731300-0] I_PNM3RadNav I_PNM3RADNAV/РАЗДЕЛ ОТДЕЛА III "ОПИСАНИЕ РТСНО И РАСПИСАНИЯ ПЕРЕДАЧ НАВИГАЦИОННЫХ ПРЕДУПРЕЖДЕНИЙ И ГИДРОМЕТЕОРОЛОГИЧЕСКИХ СООБЩЕНИЙ" // Раздел отдела III "Описание РТСНО и Расписания передач навигационных предупреждений и г
object[X2731400-0] I_PNM3Any I_PNM3ANY/РАЗДЕЛ ОТДЕЛА III "ПРОЧИЕ КНИГИ" // Раздел отдела III "Прочие книги"
object[X4143000-0] I_NM4Ann I_NM4ANN/ОБЪЯВЛЕНИЯ // Объявления
object[X6162000-0] I_MapBooNumPoi I_MAPBOONUMPOI/НОМЕРНОЙ УКАЗАТЕЛЬ КАРТ И КНИГ // Номерной указатель карт и книг
object[X1520410-0] I_B I_B/ШИРОТА // Широта
object[X1520420-0] I_L I_L/ДОЛГОТА // Долгота
object[X2520000-0] I_TabConNum I_TABCONNUM/ОГЛАВЛЕНИЕ НУМЕРНИКА ИМ // Оглавление Нумерника ИМ
object[X2530000-0] I_ChartSec I_CHARTSEC/РАЗДЕЛ НУМЕРНИКА ИМ "КАРТЫ" // Раздел Нумерника ИМ "Карты"
object[X2540000-0] I_BookSec I_BOOKSEC/РАЗДЕЛ НУМЕРНИКА ИМ "КНИГИ" // Раздел Нумерника ИМ "Книги"
object[X2500000-0] I_RNPObj I_RNPOBJ/ОБЪЕКТЫ НУМЕРНИКА ИМ // Объекты Нумерника ИМ
object[X2531000-0] I_ChartSecStr I_CHARTSECSTR/СТРОКА НУМЕРНИКА ИМ ДЛЯ КАРТ // Строка Нумерника ИМ для карт
object[X2541000-0] I_BookSecStr I_BOOKSECSTR/СТРОКА НУМЕРНИКА ИМ ДЛЯ КНИГ // Строка Нумерника ИМ для книг
object[X2532000-0] I_ChartNum I_CHARTNUM/НОМЕР КАРТЫ // Номер карты
object[X2542000-0] I_BookNum I_BOOKNUM/НОМЕР КНИГИ, ГОД // Номер книги, год
object[X2550000-0] I_NMList I_NMLIST/СПИСОК ИЗВЕЩЕНИЙ МОРЕПЛАВАТЕЛЯМ // Список извещений мореплавателям
object[X7051200-0] I_RTCom I_RTCOM/ОБЩИЕ ГРАФЫ ТАБЛИЦ (КРОМЕ НАЗЕМНЫХ РНС) // Общие графы таблиц (кроме наземных РНС)
object[X4430000-0] I_ForiItemNM I_FORIITEMNM/ПУНКТ ИНОСТРАННОГО ИМ ДЛЯ КАРТ // Пункт иностранного ИМ для карт
object[X4510000-0] I_Year I_YEAR/ГОД // Год
object[X3221000-0] I_NPItCont I_NPITCONT/ПУНКТ ИНФОРМАЦИИ НАВИП // Пункт информации НАВИП
object[X3222000-0] I_NPItCanc I_NPITCANC/ПУНКТ ОТМЕНЫ НАВИП // Пункт отмены НАВИП
object[X7051210-0] I_RTcol1 I_RTCOL1/ГРАФА 1 ТАБЛИЦ РТСНО // Графа 1 Таблиц РТСНО
object[X7051220-0] I_RTcol2 I_RTCOL2/ГРАФА 2 ТАБЛИЦ РТСНО // Графа 2 Таблиц РТСНО
object[X1109000-0] I_GenStat I_GENSTAT/ОБЩИЕ ПОЛОЖЕНИЯ // Общие положения
object[X7011090-0] I_SigPasBriTab I_SIGPASBRITAB/ТАБЛИЦА СИГНАЛОВ, РЕГУЛИРУЮЩИХ ПРОХОД ПОД МОСТОМ // Таблица сигналов, регулирующих проход под мостом
object[X7011091-0] I_SignalTyp I_SIGNALTYP/ВИД СИГНАЛА // Вид сигнала
object[X7011092-0] I_SigMean I_SIGMEAN/ЗНАЧЕНИЕ СИГНАЛА // Значение сигнала
object[X2800000-0] I_ObjBullNW I_OBJBULLNW/ОБЪЕКТЫ БЮЛЛЕТЕНЯ НП // Объекты бюллетеня НП
object[X2811000-0] I_SecNavarNavip I_SECNAVARNAVIP/РАЗДЕЛ "ТЕКСТЫ НАВАРЕА И НАВИП" // Раздел "Тексты НАВАРЕА и НАВИП"
object[X2826100-0] I_NWNum I_NWNUM/ОПИСАНИЕ НОМЕРА НП // Описание номера НП
object[X2812000-0] I_SecPrip I_SECPRIP/РАЗДЕЛ "ТЕКСТЫ ПРИП" // Раздел "Тексты ПРИП"
object[X7053000-0] I_3003 I_3003/РУКОВОДСТВО РТСНО (3003) // Руководство РТСНО (3003)
object[X7053200-0] I_3003P4Objs I_3003P4OBJS/3003 ОБЪЕКТЫ ОТДЕЛА 4 // 3003 Объекты отдела 4
object[X7051111-0] I_RSSlave I_RSSLAVE/СТРОКА ОПИСАНИЯ ВЕДОМОЙ СТАНЦИИ // Строка описания ведомой станции
object[X7051112-0] I_RSLead I_RSLEAD/СТРОКА ОПИСАНИЯ ВЕДУЩЕЙ СТАНЦИИ // Строка описания ведущей станции
object[X7051113-0] I_RSBase I_RSBASE/СТРОКА ОПИСАНИЯ ПАРЫ СТАНЦИЙ (БАЗЫ) // Строка описания пары станций (базы)
object[X7053100-0] I_3003Parts I_3003PARTS/3003 ОТДЕЛЫ // 3003 Отделы
object[X7051000-0] I_RTComEl I_RTCOMEL/ОБЩИЕ ЭЛЕМЕНТЫ КНИГ РТСНО // Общие элементы книг РТСНО
object[X7051700-0] I_RTA_txt I_RTA_TXT/ТЕКСТОВЫЕ ЭЛЕМЕНТЫ // Текстовые элементы
object[X7051100-0] I_RTLand I_RTLAND/НАЗЕМНЫЕ РНС // Наземные РНС
object[X7053210-0] I_3003KKS I_3003KKS/3003 ТАБЛИЦА ККС // 3003 Таблица ККС
object[X7053220-0] I_3003RM I_3003RM/3003 ТАБЛИЦА МОРСКИХ РАДИОМАЯКОВ // 3003 Таблица морских радиомаяков
object[X7053270-0] I_CorrTab I_CORRTAB/3003 ТАБЛИЦА ПОПРАВОК ДЛЯ РСДН-3 // 3003 Таблица поправок для РСДН-3
object[X7053230-0] I_3003RT I_3003RT/3003 ТАБЛИЦА Р(ТР) // 3003 Таблица Р(тр)
object[X7053240-0] I_3003RLM I_3003RLM/3003 ТАБЛИЦА РЛМК(ОТВ) // 3003 Таблица РЛМк(отв)
object[X7053250-0] I_3003RTChain I_3003RTCHAIN/3003 ТАБЛИЦА ЦЕПИ РНС // 3003 Таблица цепи РНС
object[X7053260-0] I_3003RTL I_3003RTL/ГРУППА НАЗЕМНЫХ РТСНО ПО РЕГИОНУ // Группа наземных РТСНО по региону
object[X7053110-0] I_3003P1 I_3003P1/3003 ОТДЕЛ 1 // 3003 Отдел 1
object[X7053120-0] I_3003P2 I_3003P2/3003 ОТДЕЛ 2 // 3003 Отдел 2
object[X7053130-0] I_3003P3 I_3003P3/3003 ОТДЕЛ 3 // 3003 Отдел 3
object[X7053140-0] I_3003P4 I_3003P4/3003 ОТДЕЛ 4 // 3003 Отдел 4
object[X7053121-0] I_3003P2sub I_3003P2SUB/3003 ПОДОТДЕЛ ОТДЕЛА 2 // 3003 Подотдел отдела 2
object[X7053131-0] I_3003P3sub I_3003P3SUB/3003 ПОДОТДЕЛ ОТДЕЛА 3 // 3003 Подотдел отдела 3
object[X4400000-0] I_ObjForiNotiMar I_OBJFORINOTIMAR/ОБЪЕКТЫ ИНОСТРАННЫХ ИЗВЕЩЕНИЙ МОРЕПЛАВАТЕЛЯМ // Объекты иностранных извещений мореплавателям
object[X7052100-0] I_3001_3002Parts I_3001_3002PARTS/3001,3002 ОТДЕЛЫ // 3001,3002 Отделы
object[X7052120-0] I_3001_2PRLM I_3001_2PRLM/3001 ОТДЕЛ РЛМК(ОТВ), 3002 ОТДЕЛ РЛМК И РЛМК(ОТВ) // 3001 Отдел РЛМк(отв), 3002 Отдел РЛМк и РЛМк(отв)
object[X2813000-0] I_SecLstNavarNavip I_SECLSTNAVARNAVIP/РАЗДЕЛ "ПЕРЕЧНИ НОМЕРОВ ДЕЙСТВУЮЩИХ НАВАРЕА И НАВИП" // Раздел "Перечни номеров действующих НАВАРЕА и НАВИП"
object[X2814000-0] I_SecLstPrip I_SECLSTPRIP/РАЗДЕЛ "ПЕРЕЧНИ НОМЕРОВ ДЕЙСТВУЮЩИХ ПРИП" // Раздел "Перечни номеров действующих ПРИП"
object[X2821000-0] I_UndSecNavar I_UNDSECNAVAR/ПОДРАЗДЕЛ "РАЙОН НАВАРЕА" // Подраздел "Район НАВАРЕА"
object[X2822000-0] I_UndSecPrip I_UNDSECPRIP/ПОДРАЗДЕЛ "РЕГИОН ПРИП" // Подраздел "Регион ПРИП"
object[X2824000-0] I_SubSecNavip I_SUBSECNAVIP/СУБПОДРАЗДЕЛ "НАВИП" // Субподраздел "НАВИП"
object[X2823000-0] I_SubSecNavar I_SUBSECNAVAR/СУБПОДРАЗДЕЛ "НАВАРЕА" // Субподраздел "НАВАРЕА"
object[X2825000-0] I_DescNW I_DESCNW/ОПИСАНИЕ НП // Описание НП
object[X2826000-0] I_NWList I_NWLIST/ГОДОВОЙ ПЕРЕЧЕНЬ ДЕЙСТВУЮЩИХ НП // Годовой перечень действующих НП
object[X7052130-0] I_3001PRPS I_3001PRPS/3001 ОТДЕЛ РПС // 3001 Отдел РПС
object[X1730000-0] I_ForiAlphList I_FORIALPHLIST/АЛФАВИТНЫЙ УКАЗАТЕЛЬ ИНОСТРАННЫЙ // Алфавитный указатель иностранный
object[X4310000-0] I_PlanProdTab I_PLANPRODTAB/ТАБЛИЦА ПЛАНИРУЕМЫХ КАРТ/КНИГ // Таблица планируемых карт/книг
object[X4500000-0] I_PartIVLines I_PARTIVLINES/СТРОКИ КОРРЕКТУРЫ КАТАЛОГОВ (ОТДЕЛ IV) // Строки корректуры каталогов (отдел IV)
object[X2560000-0] I_NotiMarTmp I_NOTIMARTMP/ПЕРЕЧЕНЬ ДЕЙСТВУЮЩИХ ВРЕМЕННЫХ И ПРЕДВАРИТЕЛЬНЫХ ИМ // Перечень действующих временных и предварительных ИМ
object[X2610000-0] I_SeqNM I_SEQNM/ПОСЛЕДОВАТЕЛЬНОСТЬ РАСПОЛОЖЕНИЯ ИМ // Последовательность расположения ИМ
object[X4920000-0] I_Rep2 I_REP2/ДОНЕСЕНИЕ ГС О КОРРЕКТУРЕ КАРТ // Донесение ГС о корректуре карт
object[X4930000-0] I_Rep3 I_REP3/ДОНЕСЕНИЕ ГС О КОРРЕКТУРЕ КНИГ // Донесение ГС о корректуре книг
object[X4921000-0] I_ItemRep2 I_ITEMREP2/ПУНКТ ДОНЕСЕНИЯ ГС О КОРРЕКТУРЕ КАРТ // Пункт донесения ГС о корректуре карт
object[X4931000-0] I_ItemRep3 I_ITEMREP3/ПУНКТ ДОНЕСЕНИЯ ГС О КОРРЕКТУРЕ КНИГ // Пункт донесения ГС о корректуре книг
object[X4300000-0] I_PlanProdTabObj I_PLANPRODTABOBJ/ЭЛЕМЕНТЫ ТАБЛИЦЫ ПЛАНИРУЕМЫХ КАРТ/КНИГ // Элементы таблицы планируемых карт/книг
object[X4314000-0] I_EditKind I_EDITKIND/ВИД ИЗДАНИЯ // Вид издания
object[X4313000-0] I_EditDat I_EDITDAT/ИЗДАНИЕ (ДАТА) // Издание (дата)
object[X4312000-0] I_PerNum I_PERNUM/НОМЕР ВЫПУСКА ИМ // Номер выпуска ИМ
object[X4311000-0] I_EditNum I_EDITNUM/НОМЕР ИЗДАНИЯ // Номер издания
object[X7052140-0] I_3001_2PRTL I_3001_2PRTL/3001,3002 ОТДЕЛ НАЗЕМНЫХ РНС // 3001,3002 Отдел наземных РНС
object[X7052150-0] I_3001_2PRM I_3001_2PRM/3001,3002 ОТДЕЛ РМК И АРМК // 3001,3002 Отдел РМк и АРМк
object[X7052160-0] I_3001_2PSNS I_3001_2PSNS/3001,3002 ОТДЕЛ СНС // 3001,3002 Отдел СНС
object[X7052170-0] I_3002PRTRP I_3002PRTRP/3002 ОТДЕЛ Р(ТР) И РПС // 3002 Отдел Р(тр) и РПС
object[X7052180-0] I_3002PsubRTRP I_3002PSUBRTRP/3002 ПОДОТДЕЛ ОТДЕЛА Р(ТР) И РПС // 3002 Подотдел отдела Р(тр) и РПС
object[X7052000-0] I_3001_3002 I_3001_3002/РУКОВОДСТВО РТСНО (3001,3002) // Руководство РТСНО (3001,3002)
object[X4420000-0] I_ForiNotiMar I_FORINOTIMAR/ИНОСТРАННОЕ ИЗВЕЩЕНИЕ МОРЕПЛАВАТЕЛЯМ // Иностранное извещение мореплавателям
object[X4530000-0] I_MapLine I_MAPLINE/СТРОКА КОРРЕКТУРЫ КАТАЛОГА "КАРТЫ" // Строка корректуры каталога "Карты"
object[X3140000-0] I_NavareaCorr I_NAVAREACORR/ИСПРАВЛЕНИЕ НАВАРЕА // Исправление НАВАРЕА
object[X3211000-0] I_NVItCont I_NVITCONT/ПУНКТ ИНФОРМАЦИИ НАВАРЕА // Пункт информации НАВАРЕА
object[X3212000-0] I_NVItCanc I_NVITCANC/ПУНКТ ОТМЕНЫ НАВАРЕА // Пункт отмены НАВАРЕА
object[X3213000-0] I_NVItSelfCanc I_NVITSELFCANC/ПУНКТ САМООТМЕНЫ НАВАРЕА // Пункт самоотмены НАВАРЕА
object[X3223000-0] I_NPItSelfCanc I_NPITSELFCANC/ПУНКТ САМООТМЕНЫ НАВИП // Пункт самоотмены НАВИП
object[X3231000-0] I_PRItCont I_PRITCONT/ПУНКТ ИНФОРМАЦИИ ПРИП // Пункт информации ПРИП
object[X3232000-0] I_PRItCanc I_PRITCANC/ПУНКТ ОТМЕНЫ ПРИП // Пункт отмены ПРИП
object[X3233000-0] I_PRItSelfCanc I_PRITSELFCANC/ПУНКТ САМООТМЕНЫ ПРИП // Пункт самоотмены ПРИП
object[X3300000-0] I_NWSubItem I_NWSUBITEM/ПОДПУНКТЫ ПРЕДУПРЕЖДЕНИЯ // Подпункты предупреждения
object[X3310000-0] I_NVSubIt I_NVSUBIT/ПОДПУНКТ ИНФОРМАЦИИ НАВАРЕА // Подпункт информации НАВАРЕА
object[X3320000-0] I_NPSubIt I_NPSUBIT/ПОДПУНКТ ИНФОРМАЦИИ НАВИП // Подпункт информации НАВИП
object[X3330000-0] I_PRSubIt I_PRSUBIT/ПОДПУНКТ ИНФОРМАЦИИ ПРИП // Подпункт информации ПРИП
object[X7052190-0] I_ChainDesc I_CHAINDESC/ОПИСАНИЕ ЦЕПЕЙ РНС // Описание цепей РНС
object[X7052200-0] I_3001_3002Tabs I_3001_3002TABS/3001,3002 ТАБЛИЦЫ // 3001,3002 Таблицы
object[X7052201-0] I_3002RTR I_3002RTR/3002 ТАБЛИЦА Р(ТР) // 3002 Таблица Р(тр)
object[X7052202-0] I_3002ColRegRTR I_3002COLREGRTR/3002 ТАБЛИЦА Р(ТР) КОЛОНТИТУЛЬНОГО РАЙОНА // 3002 Таблица Р(тр) колонтитульного района
object[X7052203-0] I_3002RegRTR I_3002REGRTR/3002 ТАБЛИЦА Р(ТР) РАЙОНА // 3002 Таблица Р(тр) района
object[X7052204-0] I_3001_2RTChains I_3001_2RTCHAINS/3001,3002 СВОДНАЯ ТАБЛИЦА ЦЕПЕЙ РНС // 3001,3002 Сводная таблица цепей РНС
object[X7052205-0] I_3001_2KKS I_3001_2KKS/3001,3002 ТАБЛИЦА ККС // 3001,3002 Таблица ККС
object[X7052206-0] I_3001_2ColRegKKS I_3001_2COLREGKKS/3001,3002 ТАБЛИЦА ККС КОЛОНТИТУЛЬНОГО РАЙОНА // 3001,3002 Таблица ККС колонтитульного района
object[X7052207-0] I_3001_2RegKKS I_3001_2REGKKS/3001,3002 ТАБЛИЦА ККС РАЙОНА // 3001,3002 Таблица ККС района
object[X7052208-0] I_3001_2RLM I_3001_2RLM/3001,3002 ТАБЛИЦА РЛМК И РЛМК(ОТВ) // 3001,3002 Таблица РЛМк и РЛМк(отв)
object[X7052209-0] I_3001_2ColRegRLM I_3001_2COLREGRLM/3001,3002 ТАБЛИЦА РЛМК И РЛМК(ОТВ) КОЛ.ТИТ. РАЙОНА // 3001,3002 Таблица РЛМк и РЛМк(отв) кол.тит. района
object[X7052210-0] I_3001_2RegRLM I_3001_2REGRLM/3001,3002 ТАБЛИЦА РЛМК И РЛМК(ОТВ) РАЙОНА // 3001,3002 Таблица РЛМк и РЛМк(отв) района
object[X7052211-0] I_3001_2RM I_3001_2RM/3001,3002 ТАБЛИЦА РМК И АРМК // 3001,3002 Таблица РМк и АРМк
object[X7052212-0] I_3001_2ColRegRM I_3001_2COLREGRM/3001,3002 ТАБЛИЦА РМК И АРМК КОЛ.ТИТ. РАЙОНА // 3001,3002 Таблица РМк и АРМк кол.тит. района
object[X7052213-0] I_3001_2RegRM I_3001_2REGRM/3001,3002 ТАБЛИЦА РМК И АРМК РАЙОНА // 3001,3002 Таблица РМк и АРМк района
object[X7052214-0] I_3001_2RPS I_3001_2RPS/3001,3002 ТАБЛИЦА РПС // 3001,3002 Таблица РПС
object[X7052215-0] I_3001_2ColRegRPS I_3001_2COLREGRPS/3001,3002 ТАБЛИЦА РПС КОЛОНТИТУЛЬНОГО РАЙОНА // 3001,3002 Таблица РПС колонтитульного района
object[X7052216-0] I_3001_2RegRPS I_3001_2REGRPS/3001,3002 ТАБЛИЦА РПС РАЙОНА // 3001,3002 Таблица РПС района
object[X7052217-0] I_3001_2RTChain I_3001_2RTCHAIN/3001,3002 ТАБЛИЦА ЦЕПИ РНС // 3001,3002 Таблица цепи РНС
object[X1520210-0] I_PagNumSell I_PAGNUMSELL/ЯЧЕЙКА НОМЕРА СТРАНИЦЫ // Ячейка номера страницы
object[X4540000-0] I_BookLine I_BOOKLINE/СТРОКА КОРРЕКТУРЫ КАТАЛОГА "КНИГИ" // Строка корректуры каталога "Книги"
object[X4410000-0] I_ReleasForiNM I_RELEASFORINM/ВЫПУСК ИНОСТРАННЫХ ИМ // Выпуск иностранных ИМ
object[X4550000-0] I_NuLine I_NULINE/СТРОКА КОРРЕКТУРЫ КАТАЛОГА "НОМЕРНОЙ УКАЗАТЕЛЬ" // Строка корректуры каталога "Номерной указатель"
object[X4560000-0] I_NumMapLine I_NUMMAPLINE/СТРОКА КОРРЕКТУРЫ НУМЕРНИКА "КАРТЫ" // Строка корректуры нумерника "Карты"
object[X4570000-0] I_NumBooLine I_NUMBOOLINE/СТРОКА КОРРЕКТУРЫ НУМЕРНИКА "КНИГИ" // Строка корректуры нумерника "Книги"
object[X4520000-0] I_PagCat I_PAGCAT/КОРРЕКТИРУЕМАЯ СТРАНИЦА В КАТАЛОГЕ // Корректируемая страница в каталоге
object[X4241000-0] I_Item4_Map I_ITEM4_MAP/ПУНКТ ИМ КАТАЛОГА КАРТ // Пункт ИМ каталога карт
object[X4242000-0] I_Item4_Book I_ITEM4_BOOK/ПУНКТ ИМ КАТАЛОГА КНИГ // Пункт ИМ каталога книг
object[X4243000-0] I_Item4_Ann I_ITEM4_ANN/ПУНКТ ИМ ОБЪЯВЛЕНИЯ // Пункт ИМ объявления
object[S1500032-0] FairSys изменен // Система фарватеров
object[S1700000-0] _17_ResAreas _17_RESAREAS/РАЙОНЫ ОГРАНИЧЕННОГО ПЛАВАНИЯ // РАЙОНЫ ОГРАНИЧЕННОГО ПЛАВАНИЯ
object[S2300000-0] I_Objs_S101 I_OBJS_S101/ИНФОРМАЦИОННЫЕ ОБЪЕКТЫ S-101 // Информационные объекты S-101
object[S2300004-0] I_ConDet I_CONDET/КОНТАКТНАЯ ИНФОРМАЦИЯ // Контактная информация
object[S2300002-0] I_ServHours I_SERVHOURS/ЧАСЫ РАБОТЫ // Часы работы
object[S2300003-0] I_NonStand I_NONSTAND/НЕСТАНДАРТНЫЙ РАБОЧИЙ ДЕНЬ // Нестандартный рабочий день
object[S2300005-0] I_SpatQual I_SPATQUAL/КАЧЕСТВО ОПРЕДЕЛЕНИЯ ПРОСТРАНСТВЕННЫХ КООРДИНАТ // Качество определения пространственных координат
object[S2500000-0] _25_Cartograph _25_CARTOGRAPH/КАРТОГРАФИЧЕСКИЕ ОБЪЕКТЫ // КАРТОГРАФИЧЕСКИЕ ОБЪЕКТЫ
object[S2500001-1] TextPlac TEXTPLAC/РАЗМЕЩЕННЫЙ ТЕКСТ // Размещенный текст
object[X4600000-0] I_Stick I_STICK/НАКЛЕЙКА НА КАРТУ // Наклейка на карту
object[S0300011-1] UpdateInf UPDATEINF/ИНФОРМАЦИЯ ОБ ОБНОВЛЕНИИ // Информация об обновлении
object[X7041060-0] I_Scheme I_SCHEME/СХЕМА // Схема
object[X9220000-3] ForiMarMap FORIMARMAP/МОРСКАЯ КАРТА ИНОСТРАННОГО ИЗДАНИЯ // Морская карта иностранного издания
object[X4440000-0] I_ForiItemLitSig I_FORIITEMLITSIG/ПУНКТ ИНОСТРАННОГО ИМ ДЛЯ РУКОВОДСТВА ОГНИ И ЗНАКИ // Пункт иностранного ИМ для Руководства Огни и знаки
object[X4450000-0] I_ForiItemRadNav I_FORIITEMRADNAV/ПУНКТ ИНОСТРАННОГО ИМ ДЛЯ РУКОВОДСТВА РТСНО // Пункт иностранного ИМ для Руководства РТСНО
object[X7041070-0] I_RegimPort I_REGIMPORT/ОПИСАНИЕ РЕЖИМА ВХОДА В ПОРТ // Описание режима входа в порт
object[X5100000-0] I_GovOrdObjs I_GOVORDOBJS/ОБЪЕКТЫ РАСПОРЯЖЕНИЙ ПРАВИТЕЛЬСТВА ОБ УСТАНОВЛЕНИИ ГРАНИЦ // Объекты распоряжений правительства об установлении границ
object[X5140000-0] I_GovItemAqua I_GOVITEMAQUA/ПОДПУНКТ РАСПОРЯЖЕНИЯ ДЛЯ ВНЕШНИХ ГРАНИЦ АКВАТОРИИ // Подпункт распоряжения для внешних границ акватории
object[X5160000-0] I_GovItemInt I_GOVITEMINT/ПОДПУНКТ РАСПОРЯЖЕНИЯ ДЛЯ ВНУТРЕННИХ ГРАНИЦ // Подпункт распоряжения для внутренних границ
object[X5120000-0] I_GovOrdAqua I_GOVORDAQUA/ПУНКТ РАСПОРЯЖЕНИЯ ОБ УСТАНОВЛЕНИИ ГРАНИЦ АКВАТОРИИ // Пункт распоряжения об установлении границ акватории
object[X5130000-0] I_GovOrdTerr I_GOVORDTERR/ПУНКТ РАСПОРЯЖЕНИЯ ОБ УСТАНОВЛЕНИИ ГРАНИЦ ТЕРРИТОРИИ // Пункт распоряжения об установлении границ территории
object[X5110000-0] I_GovOrd I_GOVORD/РАСПОРЯЖЕНИЕ ПРАВИТЕЛЬСТВА ОБ УСТАНОВЛЕНИИ ГРАНИЦ // Распоряжение правительства об установлении границ
object[X9784100-2] PortAquaBord PORTAQUABORD/ЛИНИЯ ГРАНИЦЫ АКВАТОРИИ ПОРТА // Линия границы акватории порта
object[X9784200-2] PortTerrBord PORTTERRBORD/ЛИНИЯ ГРАНИЦЫ ТЕРРИТОРИИ ПОРТА // Линия границы территории порта
object[X9750000-2] IntBord INTBORD/ЛИНИЯ ВНУТРЕННЕГО КОНТУРА // Линия внутреннего контура
object[X9784300-0] SetLinAqua изменен // Набор линий границы акватории порта
object[X9784400-0] SetLinTerr изменен // Набор линий границы территории порта
object[X6170000-0] I_FishMan I_FISHMAN/МОРСКИЕ ПРОМЫСЛОВЫЕ ПОСОБИЯ // Морские промысловые пособия
object[X6192000-0] I_GuiProd I_GUIPROD/РУКОВОДЯЩИЕ ДОКУМЕНТЫ, ПРОИЗВ.-ТЕХНИЧЕСКИЕ РУКОВОДСТВА И ПОСОБИЯ // Руководящие документы, произв.-технические руководства и пособия
object[X6180000-0] I_NavyMan I_NAVYMAN/СПЕЦИАЛЬНЫЕ ПОСОБИЯ ДЛЯ ВМФ // Специальные пособия для ВМФ
object[X6330000-0] I_ForiMarMap I_FORIMARMAP/ИНФОРМАЦИЯ ОБ ИНОСТРАННОЙ МОРСКОЙ КАРТЕ // Информация об иностранной морской карте
object[X9760000-3] CoorArea COORAREA/КООРДИНИРОВАННАЯ ОБЛАСТЬ // Координированная область
object[S0800021-3] MoorTrot MOORTROT/СИСТЕМА ШВАРТОВНЫХ БОЧЕК // Система швартовных бочек
object[X1700000-0] I_AlphListObj I_ALPHLISTOBJ/ОБЪЕКТЫ АЛФАВИТНЫХ УКАЗАТЕЛЕЙ // Объекты алфавитных указателей
object[X1720000-0] I_RusAlphList I_RUSALPHLIST/АЛФАВИТНЫЙ УКАЗАТЕЛЬ РОССИЙСКИЙ // Алфавитный указатель российский
object[X1760000-0] I_RusAlph1 I_RUSALPH1/ГРАФА 1 РОССИЙСКОГО АЛФАВИТНОГО УКАЗАТЕЛЯ // Графа 1 российского алфавитного указателя
object[X1770000-0] I_RusAlph2 I_RUSALPH2/ГРАФА 2 РОССИЙСКОГО АЛФАВИТНОГО УКАЗАТЕЛЯ // Графа 2 российского алфавитного указателя
object[X1750000-0] I_ForiAlphLin I_FORIALPHLIN/СТРОКА ИНОСТРАННОГО АЛФАВИТНОГО УКАЗАТЕЛЯ // Строка иностранного алфавитного указателя
object[X1740000-0] I_RusAlphLin I_RUSALPHLIN/СТРОКА РОССИЙСКОГО АЛФАВИТНОГО УКАЗАТЕЛЯ // Строка российского алфавитного указателя
object[X1710000-0] I_AlphList I_ALPHLIST/АЛФАВИТНЫЙ УКАЗАТЕЛЬ // Алфавитный указатель
object[X1780000-0] I_ForiAlph1 I_FORIALPH1/ГРАФА 1 ИНОСТРАННОГО АЛФАВИТНОГО УКАЗАТЕЛЯ // Графа 1 иностранного алфавитного указателя
object[X1790000-0] I_ForiAlph2 I_FORIALPH2/ГРАФА 2 ИНОСТРАННОГО АЛФАВИТНОГО УКАЗАТЕЛЯ // Графа 2 иностранного алфавитного указателя
object[X4111000-0] I_MipAreDesc I_MIPAREDESC/ОПИСАНИЕ РАЙОНОВ БОЕВОЙ ПОДГОТОВКИ // Описание районов боевой подготовки
object[X1800000-0] I_BookPart I_BOOKPART/РАЗДЕЛ КНИГИ // Раздел книги
object[X9773000-1] RefShoPoi REFSHOPOI/ОПОРНАЯ ТОЧКА БЕРЕГОВОЙ ЛИНИИ // Опорная точка береговой линии
object[X9781000-2] BordLine BORDLINE/ЛИНИЯ ГРАНИЦЫ // Линия границы
object[X9771000-2] ConsLine CONSLINE/БЕРЕГОВАЯ ЛИНИЯ ПО СООРУЖЕНИЮ // Береговая линия по сооружению
object[S1100002-1] SouBat SOUBAT/ГЛУБИНА ИСХОДНАЯ // Глубина исходная
object[X7037000-0] I_CatalAnn I_CATALANN/ОБЪЯВЛЕНИЕ В КАТАЛОГЕ КИК // Объявление в каталоге КиК
object[X4700000-0] I_ObjReleasNM_Eng I_OBJRELEASNM_ENG/ОБЪЕКТЫ ВЫПУСКА ИМ НА АНГЛИЙСКОМ ЯЗЫКЕ // Объекты выпуска ИМ на английском языке
object[X4710000-0] I_ReleasNM_Eng I_RELEASNM_ENG/ВЫПУСК ИМ НА АНГЛИЙСКОМ ЯЗЫКЕ // Выпуск ИМ на английском языке
object[X4720000-0] I_PartsRelea_Eng I_PARTSRELEA_ENG/ОТДЕЛЫ ВЫПУСКА ИМ НА АНГЛИЙСКОМ ЯЗЫКЕ // Отделы выпуска ИМ на английском языке
object[X4721000-0] I_ReleaPartII_Eng I_RELEAPARTII_ENG/ОТДЕЛ II. КОРРЕКТУРА КАРТ НА АНГЛИЙСКОМ ЯЗЫКЕ // Отдел II. Корректура карт на английском языке
object[X4722000-0] I_ReleaPartIII_Eng I_RELEAPARTIII_ENG/ОТДЕЛ III. КОРРЕКТУРА КНИГ НА АНГЛИЙСКОМ ЯЗЫКЕ // Отдел III. Корректура книг на английском языке
object[X4723000-0] I_ReleaPartIV_Eng I_RELEAPARTIV_ENG/ОТДЕЛ IV. КОРРЕКТУРА КАТАЛОГОВ НА АНГЛИЙСКОМ ЯЗЫКЕ // Отдел IV. Корректура каталогов на английском языке
object[X4800000-0] I_ObjNotiMar_Eng I_OBJNOTIMAR_ENG/ОБЪЕКТЫ ИЗВЕЩЕНИЙ МОРЕПЛАВАТЕЛЯМ НА АНГЛИЙСКОМ ЯЗЫКЕ // Объекты извещений мореплавателям на английском языке
object[X4810000-0] I_NotiMar_Eng I_NOTIMAR_ENG/ИЗВЕЩЕНИЕ МОРЕПЛАВАТЕЛЯМ НА АНГЛИЙСКОМ ЯЗЫКЕ // Извещение мореплавателям на английском языке
object[X4811000-0] I_NM2_Eng I_NM2_ENG/ИЗВЕЩЕНИЕ МОРЕПЛАВАТЕЛЯМ (ОТДЕЛ II) НА АНГЛИЙСКОМ ЯЗЫКЕ // Извещение мореплавателям (отдел II) на английском языке
object[X4812000-0] I_NM3_Eng I_NM3_ENG/ИЗВЕЩЕНИЕ МОРЕПЛАВАТЕЛЯМ (ОТДЕЛ III) НА АНГЛИЙСКОМ ЯЗЫКЕ // Извещение мореплавателям (отдел III) на английском языке
object[X4813000-0] I_NM4_Eng I_NM4_ENG/ИЗВЕЩЕНИЕ МОРЕПЛАВАТЕЛЯМ (ОТДЕЛ IV) НА АНГЛИЙСКОМ ЯЗЫКЕ // Извещение мореплавателям (отдел IV) на английском языке
object[X4813100-0] I_NM4Cat_Eng I_NM4CAT_ENG/ИМ КОРРЕКТУРЫ КАТАЛОГА НА АНГЛИЙСКОМ ЯЗЫКЕ // ИМ корректуры каталога на английском языке
object[X4813200-0] I_NM4Ann_Eng I_NM4ANN_ENG/ОБЪЯВЛЕНИЯ НА АНГЛИЙСКОМ ЯЗЫКЕ // Объявления на английском языке
object[X4820000-0] I_ItemNM_Eng I_ITEMNM_ENG/ПУНКТЫ ИМ НА АНГЛИЙСКОМ ЯЗЫКЕ // Пункты ИМ на английском языке
object[X4821000-0] I_Item2_Eng I_ITEM2_ENG/ПУНКТ ИМ ДЛЯ КАРТ (ОТДЕЛ II) НА АНГЛИЙСКОМ ЯЗЫКЕ // Пункт ИМ для карт (отдел II) на английском языке
object[X4822000-0] I_Item4_Eng I_ITEM4_ENG/ПУНКТ ИМ ДЛЯ КАТАЛОГОВ (ОТДЕЛ IV) НА АНГЛИЙСКОМ ЯЗЫКЕ // Пункт ИМ для каталогов (отдел IV) на английском языке
object[X4822100-0] I_Item4_Map_Eng I_ITEM4_MAP_ENG/ПУНКТ ИМ КАТАЛОГА КАРТ НА АНГЛИЙСКОМ ЯЗЫКЕ // Пункт ИМ каталога карт на английском языке
object[X4822300-0] I_Item4_Ann_Eng I_ITEM4_ANN_ENG/ПУНКТ ИМ ОБЪЯВЛЕНИЯ НА АНГЛИЙСКОМ ЯЗЫКЕ // Пункт ИМ объявления на английском языке
object[X4822200-0] I_Item4_Book_Eng I_ITEM4_BOOK_ENG/ПУНКТ ИМ КАТАЛОГА КНИГ НА АНГЛИЙСКОМ ЯЗЫКЕ // Пункт ИМ каталога книг на английском языке
object[X4830000-0] I_PNM4_Eng I_PNM4_ENG/РАЗДЕЛЫ ИМ ОТДЕЛА IV НА АНГЛИЙСКОМ ЯЗЫКЕ // Разделы ИМ отдела IV на английском языке
object[X4831000-0] I_PNM4Map_Eng I_PNM4MAP_ENG/РАЗДЕЛ ИМ КОРРЕКТУРЫ КАТАЛОГА "КАРТЫ" НА АНГЛИЙСКОМ ЯЗЫКЕ // Раздел ИМ корректуры каталога "Карты" на английском языке
object[X4832000-0] I_PNM4NBook_Eng I_PNM4NBOOK_ENG/РАЗДЕЛ ИМ КОРРЕКТУРЫ КАТАЛОГА "КНИГИ" НА АНГЛИЙСКОМ ЯЗЫКЕ // Раздел ИМ корректуры каталога "Книги" на английском языке
object[X4840000-0] I_PartIVLines_Eng I_PARTIVLINES_ENG/СТРОКИ КОРРЕКТУРЫ КАТАЛОГОВ (ОТДЕЛ IV) НА АНГЛИЙСКОМ ЯЗЫКЕ // Строки корректуры каталогов (отдел IV) на английском языке
object[X4841000-0] I_MapLine_Eng I_MAPLINE_ENG/СТРОКА КОРРЕКТУРЫ КАТАЛОГА "КАРТЫ" НА АНГЛИЙСКОМ ЯЗЫКЕ // Строка корректуры каталога "Карты" на английском языке
object[X4842000-0] I_BookLine_Eng I_BOOKLINE_ENG/СТРОКА КОРРЕКТУРЫ КАТАЛОГА "КНИГИ" НА АНГЛИЙСКОМ ЯЗЫКЕ // Строка корректуры каталога "Книги" на английском языке
object[X4813300-0] I_ChWDrawn I_CHWDRAWN/ИЗЪЯТЫЕ КАРТЫ // Изъятые карты
object[X6163000-0] I_OceMor I_OCEMOR/ГРАНИЦЫ ОКЕАНОВ И МОРЕЙ // Границы океанов и морей
object[X7060000-0] I_OMObjs I_OMOBJS/ОБЪЕКТЫ ПОСОБИЯ ГРАНИЦЫ ОКЕАНОВ И МОРЕЙ // Объекты Пособия Границы океанов и морей
object[X7062000-0] I_BordDesc I_BORDDESC/ОПИСАНИЕ ГРАНИЦ // Описание границ
object[X7063000-0] I_PartBordDesc I_PARTBORDDESC/ОПИСАНИЕ УЧАСТКА ГРАНИЦЫ // Описание участка границы
object[X7061000-0] I_SEAARE I_SEAARE/ОПИСАНИЕ ЧАСТИ ВОДНОГО ПРОСТРАНСТВА // Описание части водного пространства
object[S2400000-0] SpecGeoObjs SPECGEOOBJS/СПЕЦИАЛЬНЫЕ ГЕООБЪЕКТЫ // Специальные геообъекты
object[S2400001-1] Island ISLAND/ОСТРОВ // Остров
object[S2400002-1] Cape CAPE/МЫС // Мыс
object[S2400003-1] Peninsula PENINSULA/ПОЛУОСТРОВ // Полуостров
object[X6400000-0] I_LOL_Objs I_LOL_OBJS/ОБЪЕКТЫ LISTOFLIGHTS // Объекты ListOfLights
object[X6420000-0] I_LOL_Light I_LOL_LIGHT/ИНФОРМАЦИЯ СНО // Информация СНО
object[X6410000-0] I_LOL_Vol I_LOL_VOL/ТОМ LISTOFLIGHTS // Том ListOfLights
object[X9772000-2] ShorWatLin SHORWATLIN/БЕРЕГОВАЯ ЛИНИЯ ПО АКВАТОРИИ // Береговая линия по акватории
object[X9790000-1] Geom GEOM/ГЕОМЕТРИЯ // Геометрия
object[S2400005-1] Reefs REEFS/РИФЫ // Рифы
object[S2400004-1] Atoll ATOLL/АТОЛЛ // Атолл
object[X9770000-0] ShorLineObjs SHORLINEOBJS/ВСПОМОГАТЕЛЬНЫЕ ОБЪЕКТЫ БЕРЕГОВОЙ ЛИНИИ // Вспомогательные объекты береговой линии
object[X9900000-0] ModNavObjs MODNAVOBJS/ОБЪЕКТЫ РЕЖИМОВ ПЛАВАНИЯ // Объекты режимов плавания
object[S2400006-1] Rock ROCK/СКАЛА // Скала
object[X9780000-0] BordLineObjs BORDLINEOBJS/ОБЪЕКТЫ ЛИНИЙ ГРАНИЦ // Объекты линий границ
object[X9783000-1] LinPoi LINPOI/ТОЧКА ЛИНИИ ГРАНИЦ // Точка линии границ
object[S0500002-2] CoastLine COASTLINE/БЕРЕГОВАЯ ЧЕРТА // Береговая черта
object[S2400007-1] Settlement SETTLEMENT/НАСЕЛЕННЫЙ ПУНКТ // Населенный пункт
object[X9620000-1] ASIMObj ASIMOBJ/ОБЪЕКТ АСИМ // Объект АСИМ
object[X9230000-0] ChartBlock изменен // Блок навигационных карт
object[X6430000-0] I_LOL_Block I_LOL_BLOCK/БЛОК СНО // Блок СНО
object[X6340000-0] I_ENC I_ENC/ИНФОРМАЦИЯ ОБ ЭНК // Информация об ЭНК
object[X6350000-0] I_Txt_ENC I_TXT_ENC/ТЕКСТОВАЯ ИНФОРМАЦИЯ ДЛЯ ЭНК // Текстовая информация для ЭНК
object[X6351000-0] I_Txt_block I_TXT_BLOCK/БЛОК ТЕКСТОВОЙ ИНФОРМАЦИИ // Блок текстовой информации
object[X6351100-0] I_Txt_inf I_TXT_INF/ТЕКСТОВАЯ ИНФОРМАЦИЯ ДЛЯ ЯЧЕЙКИ // Текстовая информация для ячейки
object[X6351200-0] I_Txt_file I_TXT_FILE/ИНФОРМАЦИЯ ТЕКСТОВОГО ФАЙЛА // Информация текстового файла
object[S0300012-1] M_NPUB M_NPUB/ИНФОРМАЦИЯ ИЗ НАВИГАЦИОННЫХ ПОСОБИЙ // Информация из навигационных пособий
object[S2400008-1] GeoSeaAre GEOSEAARE/РАЙОН МОРЯ ГЕОГРАФИЧЕСКИЙ // Район моря географический
object[X1702000-0] I_AlphObjBlock I_ALPHOBJBLOCK/БЛОК ОБЪЕКТОВ ИЗ АЛФАВИТНОГО УКАЗАТЕЛЯ // Блок объектов из алфавитного указателя
object[X1701000-0] I_AlphObj I_ALPHOBJ/ОБЪЕКТ ИЗ АЛФАВИТНОГО УКАЗАТЕЛЯ // Объект из алфавитного указателя
object[X8000000-0] AvaAqua AVAAQUA/ДОСТУПНОСТЬ АКВАТОРИИ // Доступность акватории
object[X8010000-3] AvaCell AVACELL/УЧАСТОК ДОСТУПНОЙ АКВАТОРИИ // Участок доступной акватории
object[X8090000-3] RVU RVU/РАЙОН РЫБОВОДНЫЙ // Район рыбоводный
object[X8020000-3] RPU RPU/РАЙОН РЫБОПРОМЫСЛОВЫЙ (РЫБОЛОВНЫЙ) // Район рыбопромысловый (рыболовный)
object[X8030000-3] RZP RZP/РАЙОН ЗАПРЕТНЫЙ // Район запретный
object[X8040000-3] OOP OOP/РАЙОН ООПТ // Район ООПТ
object[X8050000-2] PSW PSW/РАЙОН СУДОХОДСТВА // Район судоходства
object[X8060000-3] AUR AUR/РАЙОН УСТЬЯ НЕРЕСТОВОЙ РЕКИ // Район устья нерестовой реки
object[X8070000-3] OVP OVP/РАЙОН ОБОСОБЛЕННОГО ВОДОПОЛЬЗОВАНИЯ // Район обособленного водопользования
object[X8080000-3] KMN KMN/РАЙОН ИНТЕРЕСОВ КОРЕННЫХ НАРОДОВ // Район интересов коренных народов
object[X6360000-0] I_SchemeMap I_SCHEMEMAP/ИНФОРМАЦИЯ О КАРТЕ-СХЕМЕ // Информация о карте-схеме
object[X5000000-0] I_CorrDescInf I_CORRDESCINF/ИНФООБЪЕКТЫ КОРРЕКТУРНОЙ ИНФОРМАЦИИ // Инфообъекты корректурной информации
object[X5200000-0] I_CorrDescObjs I_CORRDESCOBJS/ОБЪЕКТЫ ОПИСАНИЯ КОРРЕКТУРЫ // Объекты описания корректуры
object[X5210000-0] I_SourceDesc I_SOURCEDESC/ОПИСАНИЕ ИСТОЧНИКА КОРРЕКТУРНОЙ ИНФОРМАЦИИ // Описание источника корректурной информации
object[X5220000-0] I_CorrDesc I_CORRDESC/ОПИСАНИЕ КОРРЕКТУРЫ // Описание корректуры
object[X5150000-0] I_GovItemTerr I_GOVITEMTERR/ПОДПУНКТ РАСПОРЯЖЕНИЯ ДЛЯ ВНЕШНИХ ГРАНИЦ ТЕРРИТОРИИ // Подпункт распоряжения для внешних границ территории
object[S1800009-0] SyncObjs изменен // Синхронизированные объекты
object[X9240000-3] NavUse NAVUSE/НАВИГАЦИОННОЕ НАЗНАЧЕНИЕ // Навигационное назначение
object[X7070000-0] I_STSLNE_Objs I_STSLNE_OBJS/ОБЪЕКТЫ ИСХОДНЫХ ЛИНИЙ // Объекты исходных линий
object[X7071000-0] I_StsLneBlock I_STSLNEBLOCK/БЛОК ТОЧЕК ИСХОДНЫХ ЛИНИЙ // Блок точек исходных линий
object[X7072000-0] I_StslnePoint I_STSLNEPOINT/ОПИСАНИЕ ТОЧКИ ИСХОДНЫХ ЛИНИЙ // Описание точки исходных линий
object[S1100011-1] SouBerth SOUBERTH/ГЛУБИНА У ПРИЧАЛА // Глубина у причала
object[S1600029-3] HarborApproach HARBORAPPROACH/ПОДХОД К ПОРТУ (ГАВАНИ) // Подход к порту (гавани)
object[X7011093-0] I_SignalTypDay I_SIGNALTYPDAY/ВИД СИГНАЛА ДНЕМ // Вид сигнала днем
object[X7011200-0] I_SigPasCanTab I_SIGPASCANTAB/ТАБЛИЦА СИГНАЛОВ, РЕГУЛИРУЮЩИХ ПРОХОД ПО КАНАЛУ // Таблица сигналов, регулирующих проход по каналу
object[X7019000-0] I_NavView I_NAVVIEW/ОБЩИЙ ОБЗОР // Общий обзор
object[S2400009-1] Mountain MOUNTAIN/ГОРА // Гора
object[X7048000-0] I_MineSit I_MINESIT/ОПИСАНИЕ МИННОЙ ОБСТАНОВКИ // Описание минной обстановки
object[X7049000-0] I_RegimComm I_REGIMCOMM/ОБЩЕЕ ОПИСАНИЕ РЕЖИМА ПЛАВАНИЯ // Общее описание режима плавания
object[X7041090-0] I_AnchorPoint I_ANCHORPOINT/ОПИСАНИЕ ТОЧКИ РАЙОНА ЯКОРНЫХ МЕСТ // Описание точки района якорных мест
object[X7041080-0] I_AnchorTab I_ANCHORTAB/ТАБЛИЦА ЯКОРНЫХ МЕСТ // Таблица якорных мест
object[X7041200-0] I_SafeStormPlace I_SAFESTORMPLACE/ОПИСАНИЕ МЕСТА УКРЫТИЯ ОТ ШТОРМОВ // Описание места укрытия от штормов
object[X7041100-0] I_SafeStormTab I_SAFESTORMTAB/ТАБЛИЦА МЕСТ УКРЫТИЯ ОТ ШТОРМОВ // Таблица мест укрытия от штормов
object[X9792000-1] RefDepPoi REFDEPPOI/ОПОРНАЯ ТОЧКА ИЗОБАТЫ // Опорная точка изобаты
object[X9785000-2] DepAreBord DEPAREBORD/ГРАНИЦА ОБЛАСТИ ГЛУБИН // Граница области глубин
object[X9774000-1] RefPoi REFPOI/ОПОРНАЯ ТОЧКА БЕРЕГОВОЙ ЧЕРТЫ // Опорная точка береговой черты
object[S1100017-3] AreNav ARENAV/ОБЛАСТЬ НАВИГАЦИИ // Область навигации
object[S2400010-0] JuridicLines JURIDICLINES/ЮРИДИЧЕСКИЕ ЛИНИИ ГРАНИЦ // Юридические линии границ
object[S2400011-2] ExtBord EXTBORD/ВНЕШНЯЯ ГРАНИЦА ТЕРРИТОРИАЛЬНОГО МОРЯ // Внешняя граница территориального моря
object[S2400012-2] EconZoneLine ECONZONELINE/ГРАНИЦА ИЭЗ // Граница ИЭЗ
object[S2400016-2] DemarcLine DEMARCLINE/ЛИНИЯ РАЗГРАНИЧЕНИЯ // Линия разграничения
object[S2400013-2] FishLine FISHLINE/ГРАНИЦА РЫБОЛОВНОЙ ЗОНЫ // Граница рыболовной зоны
object[S2400014-2] ContigLine CONTIGLINE/ГРАНИЦА ПРИЛЕЖАЩЕЙ ЗОНЫ // Граница прилежащей зоны
object[S2400015-2] ShelfLine SHELFLINE/ГРАНИЦА КОНТИНЕНТАЛЬНОГО ШЕЛЬФА // Граница континентального шельфа
*** role[ComponentOf/Компонент] (@CATBRG->'2,3,4,5,7')=0.
object[S1500023-0] +flag_without_mf
object[S1500014-0] +flag_without_mf
object[S1500010-0] +flag_without_mf
связи[DEPARE] изменены. (+записи)
object[S1500003-0] +flag_without_mf
object[S1500026-0] +flag_without_mf
object[X9100000-0] +flag_without_mf
object[X9710000-0] +flag_without_mf
object[X9850000-0] +flag_without_mf
object[X9830000-0] +flag_without_mf
object[X9810000-0] +flag_without_mf
object[X9820000-0] +flag_without_mf
object[X9840000-0] +flag_without_mf
object[X9431000-0] +flag_without_mf
object[X9432000-0] +flag_without_mf
object[X9920000-0] +flag_without_mf
object[S1500032-0] +flag_without_mf
object[X9784300-0] +flag_without_mf
object[X9784400-0] +flag_without_mf
object[X9230000-0] +flag_without_mf
object[S1800009-0] +flag_without_mf
